

Microchip MPLAB XC8 Assembler V2.46 build 20240104201356 
                                                                                               Thu May 02 11:17:43 2024

Microchip MPLAB XC8 C Compiler v2.46 (Free license) build 20240104201356 Og1 
     1                           	processor	18F47K42
     2                           	fnconf	rparam,??,?,0
     3                           	pagewidth 120
     4                           	opt	flic
     5                           	psect	cinit,global,reloc=2,class=CODE,delta=1
     6                           	psect	bssCOMRAM,global,class=COMRAM,space=1,delta=1,lowdata,noexec
     7                           	psect	cstackCOMRAM,global,class=COMRAM,space=1,delta=1,lowdata,noexec
     8                           	psect	text0,global,reloc=2,class=CODE,delta=1
     9                           	psect	text1,global,reloc=2,class=CODE,delta=1,group=1
    10                           	psect	text2,global,reloc=2,class=CODE,delta=1
    11                           	psect	text3,global,reloc=2,class=CODE,delta=1
    12                           	psect	text4,global,reloc=2,class=CODE,delta=1
    13                           	psect	text5,global,reloc=2,class=CODE,delta=1
    14                           	psect	text6,global,reloc=2,class=CODE,delta=1
    15                           	psect	text7,global,reloc=2,class=CODE,delta=1
    16                           	psect	text8,global,reloc=2,class=CODE,delta=1
    17                           	psect	smallconst,global,reloc=2,class=SMALLCONST,delta=1,noexec
    18                           	psect	intsave_regs,global,class=BIGRAM,space=1,delta=1,noexec
    19                           	psect	rparam,global,class=COMRAM,space=1,delta=1,noexec
    20                           	psect	config,global,abs,ovrld,class=CONFIG,space=4,delta=1,noexec
    21   000000                     
    22                           ; Generated 12/10/2023 GMT
    23                           ; 
    24                           ; Copyright © 2023, Microchip Technology Inc. and its subsidiaries ("Microchip")
    25                           ; All rights reserved.
    26                           ; 
    27                           ; This software is developed by Microchip Technology Inc. and its subsidiaries ("Microch
      +                          ip").
    28                           ; 
    29                           ; Redistribution and use in source and binary forms, with or without modification, are
    30                           ; permitted provided that the following conditions are met:
    31                           ; 
    32                           ;     1. Redistributions of source code must retain the above copyright notice, this lis
      +                          t of
    33                           ;        conditions and the following disclaimer.
    34                           ; 
    35                           ;     2. Redistributions in binary form must reproduce the above copyright notice, this 
      +                          list
    36                           ;        of conditions and the following disclaimer in the documentation and/or other
    37                           ;        materials provided with the distribution. Publication is not required when
    38                           ;        this file is used in an embedded application.
    39                           ; 
    40                           ;     3. Microchip's name may not be used to endorse or promote products derived from th
      +                          is
    41                           ;        software without specific prior written permission.
    42                           ; 
    43                           ; THIS SOFTWARE IS PROVIDED BY MICROCHIP "AS IS" AND ANY EXPRESS OR IMPLIED WARRANTIES,
    44                           ; INCLUDING, BUT NOT LIMITED TO, THE IMPLIED WARRANTIES OF MERCHANTABILITY AND FITNESS F
      +                          OR
    45                           ; PURPOSE ARE DISCLAIMED.  IN NO EVENT SHALL MICROCHIP BE LIABLE FOR ANY DIRECT, INDIREC
      +                          T,
    46                           ; INCIDENTAL, SPECIAL, EXEMPLARY, OR CONSEQUENTIAL DAMAGES (INCLUDING BUT NOT LIMITED TO
    47                           ; PROCUREMENT OF SUBSTITUTE GOODS OR SERVICES; LOSS OF USE, DATA OR PROFITS; OR BUSINESS
    48                           ; INTERRUPTION) HOWSOEVER CAUSED AND ON ANY THEORY OF LIABILITY, WHETHER IN CONTRACT, ST
      +                          RICT
    49                           ; LIABILITY, OR TORT (INCLUDING NEGLIGENCE OR OTHERWISE) ARISING IN ANY WAY OUT OF THE U
      +                          SE OF
    50                           ; THIS SOFTWARE, EVEN IF ADVISED OF THE POSSIBILITY OF SUCH DAMAGE.
    51                           ; 
    52                           ; 
    53                           ; Code-generator required, PIC18F47K42 Definitions
    54                           ; 
    55                           ; SFR Addresses
    56   000000                     _T2CON	set	16300
    57   000000                     _PPSLOCKbits	set	15039
    58   000000                     _PORTBbits	set	16331
    59   000000                     _TRISB	set	16323
    60   000000                     _CCP2CONbits	set	16250
    61   000000                     _CCPR2L	set	16248
    62   000000                     _CCPR2H	set	16249
    63   000000                     _PR2	set	16299
    64   000000                     _TMR2	set	16298
    65   000000                     _T2CONbits	set	16300
    66   000000                     _PIR4bits	set	14756
    67   000000                     _T2TMR	set	16298
    68   000000                     _T2HLT	set	16301
    69   000000                     _T2CLKCON	set	16302
    70   000000                     _T2PR	set	16299
    71   000000                     _T0CON1	set	16313
    72   000000                     _T2RST	set	16303
    73   000000                     _CCPR2	set	16248
    74   000000                     _OSCSTATbits	set	14812
    75   000000                     _RB3PPS	set	14859
    76   000000                     _PPSLOCK	set	15039
    77   000000                     _CCP2CON	set	16250
    78   000000                     _TRISBbits	set	16323
    79   000000                     _CCPTMRS0bits	set	16222
    80   000000                     _ANSELB	set	14928
    81   000000                     _PORTB	set	16331
    82   000000                     _OSCFRQ	set	14815
    83                           
    84                           ; #config settings
    85                           
    86                           	psect	cinit
    87   0021F8                     __pcinit:
    88                           	callstack 0
    89   0021F8                     start_initialization:
    90                           	callstack 0
    91   0021F8                     __initialization:
    92                           	callstack 0
    93                           
    94                           ; Clear objects allocated to COMRAM (4 bytes)
    95   0021F8  6A13               	clrf	(__pbssCOMRAM+3)& (0+255),c
    96   0021FA  6A12               	clrf	(__pbssCOMRAM+2)& (0+255),c
    97   0021FC  6A11               	clrf	(__pbssCOMRAM+1)& (0+255),c
    98   0021FE  6A10               	clrf	__pbssCOMRAM& (0+255),c
    99   002200                     end_of_initialization:
   100                           	callstack 0
   101   002200                     __end_of__initialization:
   102                           	callstack 0
   103   002200  0100               	movlb	0
   104   002202  EF01  F010         	goto	_main	;jump to C main() function
   105                           
   106                           	psect	bssCOMRAM
   107   000010                     __pbssCOMRAM:
   108                           	callstack 0
   109   000010                     _checkdutyCycle:
   110                           	callstack 0
   111   000010                     	ds	2
   112   000012                     _pwmStatus:
   113                           	callstack 0
   114   000012                     	ds	1
   115   000013                     _preScale:
   116                           	callstack 0
   117   000013                     	ds	1
   118                           
   119                           	psect	cstackCOMRAM
   120   000001                     __pcstackCOMRAM:
   121                           	callstack 0
   122   000001                     ?___lldiv:
   123                           	callstack 0
   124   000001                     PWM2_LoadDutyValue@dutyValue:
   125                           	callstack 0
   126   000001                     ___lldiv@dividend:
   127                           	callstack 0
   128                           
   129                           ; 4 bytes @ 0x0
   130   000001                     	ds	2
   131   000003                     
   132                           ; 1 bytes @ 0x2
   133   000003                     	ds	2
   134   000005                     ___lldiv@divisor:
   135                           	callstack 0
   136                           
   137                           ; 4 bytes @ 0x4
   138   000005                     	ds	4
   139   000009                     ___lldiv@quotient:
   140                           	callstack 0
   141                           
   142                           ; 4 bytes @ 0x8
   143   000009                     	ds	4
   144   00000D                     ___lldiv@counter:
   145                           	callstack 0
   146                           
   147                           ; 1 bytes @ 0xC
   148   00000D                     	ds	1
   149   00000E                     ??_main:
   150                           
   151                           ; 1 bytes @ 0xD
   152   00000E                     	ds	2
   153                           
   154 ;;
   155 ;;Main: autosize = 0, tempsize = 2, incstack = 0, save=0
   156 ;;
   157 ;; *************** function _main *****************
   158 ;; Defined at:
   159 ;;		line 43 in file "PWM_TMR2.c"
   160 ;; Parameters:    Size  Location     Type
   161 ;;		None
   162 ;; Auto vars:     Size  Location     Type
   163 ;;		None
   164 ;; Return value:  Size  Location     Type
   165 ;;                  1    wreg      void 
   166 ;; Registers used:
   167 ;;		wreg, status,2, status,0, cstack
   168 ;; Tracked objects:
   169 ;;		On entry : 0/0
   170 ;;		On exit  : 0/0
   171 ;;		Unchanged: 0/0
   172 ;; Data sizes:     COMRAM   BANK0   BANK1   BANK2   BANK3   BANK4   BANK5   BANK6   BANK7   BANK8   BANK9  BANK10  BANK1
      +1  BANK12  BANK13  BANK14  BANK15  BANK16  BANK17  BANK18  BANK19  BANK20  BANK21  BANK22  BANK23  BANK24  BANK25  BANK2
      +6  BANK27  BANK28  BANK29  BANK30  BANK31
   173 ;;      Params:         0       0       0       0       0       0       0       0       0       0       0       0       
      +0       0       0       0       0       0       0       0       0       0       0       0       0       0       0       
      +0       0       0       0       0       0
   174 ;;      Locals:         0       0       0       0       0       0       0       0       0       0       0       0       
      +0       0       0       0       0       0       0       0       0       0       0       0       0       0       0       
      +0       0       0       0       0       0
   175 ;;      Temps:          2       0       0       0       0       0       0       0       0       0       0       0       
      +0       0       0       0       0       0       0       0       0       0       0       0       0       0       0       
      +0       0       0       0       0       0
   176 ;;      Totals:         2       0       0       0       0       0       0       0       0       0       0       0       
      +0       0       0       0       0       0       0       0       0       0       0       0       0       0       0       
      +0       0       0       0       0       0
   177 ;;Total ram usage:        2 bytes
   178 ;; Hardware stack levels required when called: 2
   179 ;; This function calls:
   180 ;;		_PWM2_Initialize
   181 ;;		_PWM2_LoadDutyValue
   182 ;;		_PWM2_OutputStatusGet
   183 ;;		_PWM_Output_D8_Enable
   184 ;;		_TMR2_Initialize
   185 ;;		_TMR2_StartTimer
   186 ;;		___lldiv
   187 ;; This function is called by:
   188 ;;		Startup code after reset
   189 ;; This function uses a non-reentrant model
   190 ;;
   191                           
   192                           	psect	text0
   193   002002                     __ptext0:
   194                           	callstack 0
   195   002002                     _main:
   196                           	callstack 29
   197   002002                     
   198                           ;PWM_TMR2.c: 44:     OSCSTATbits.HFOR =1;
   199   002002  0139               	movlb	57	; () banked
   200   002004  8DDC               	bsf	220,6,b	;volatile
   201   002006                     
   202                           ; BSR set to: 57
   203                           ;PWM_TMR2.c: 45:     OSCFRQ=0x02;
   204   002006  0E02               	movlw	2
   205   002008  6FDF               	movwf	223,b	;volatile
   206                           
   207                           ;PWM_TMR2.c: 47:     ANSELB = 0b00000000;
   208   00200A  0E00               	movlw	0
   209   00200C  013A               	movlb	58	; () banked
   210   00200E  6F50               	movwf	80,b	;volatile
   211                           
   212                           ;PWM_TMR2.c: 48:     TRISB= 0b00000000;
   213   002010  0E00               	movlw	0
   214   002012  6EC3               	movwf	195,c	;volatile
   215                           
   216                           ;PWM_TMR2.c: 49:     PORTB= 0b00000000;
   217   002014  0E00               	movlw	0
   218   002016  6ECB               	movwf	203,c	;volatile
   219   002018                     
   220                           ; BSR set to: 58
   221                           ;PWM_TMR2.c: 50:     TMR2_Initialize();
   222   002018  ECC2  F010         	call	_TMR2_Initialize	;wreg free
   223                           
   224                           ;PWM_TMR2.c: 51:     TMR2_StartTimer();
   225   00201C  EC03  F011         	call	_TMR2_StartTimer	;wreg free
   226   002020                     
   227                           ;PWM_TMR2.c: 53:     PWM_Output_D8_Enable();
   228   002020  ECD8  F010         	call	_PWM_Output_D8_Enable	;wreg free
   229   002024                     
   230                           ;PWM_TMR2.c: 54:     PWM2_Initialize();
   231   002024  ECE6  F010         	call	_PWM2_Initialize	;wreg free
   232   002028                     
   233                           ;PWM_TMR2.c: 55:     PWM2_LoadDutyValue(400 );
   234   002028  0E01               	movlw	1
   235   00202A  6E02               	movwf	(PWM2_LoadDutyValue@dutyValue+1)^0,c
   236   00202C  0E90               	movlw	144
   237   00202E  6E01               	movwf	PWM2_LoadDutyValue@dutyValue^0,c
   238   002030  ECAA  F010         	call	_PWM2_LoadDutyValue	;wreg free
   239   002034                     
   240                           ;PWM_TMR2.c: 60:     checkdutyCycle =(uint16_t)((100UL*400)/(4*(T2PR+1)));
   241   002034  0E40               	movlw	64
   242   002036  6E01               	movwf	___lldiv@dividend^0,c
   243   002038  0E9C               	movlw	156
   244   00203A  6E02               	movwf	(___lldiv@dividend+1)^0,c
   245   00203C  0E00               	movlw	0
   246   00203E  6E03               	movwf	(___lldiv@dividend+2)^0,c
   247   002040  0E00               	movlw	0
   248   002042  6E04               	movwf	(___lldiv@dividend+3)^0,c
   249   002044  50AB               	movf	171,w,c	;volatile
   250   002046  6E0E               	movwf	??_main^0,c
   251   002048  6A0F               	clrf	(??_main+1)^0,c
   252   00204A  90D8               	bcf	status,0,c
   253   00204C  360E               	rlcf	??_main^0,f,c
   254   00204E  360F               	rlcf	(??_main+1)^0,f,c
   255   002050  90D8               	bcf	status,0,c
   256   002052  360E               	rlcf	??_main^0,f,c
   257   002054  360F               	rlcf	(??_main+1)^0,f,c
   258   002056  0E04               	movlw	4
   259   002058  260E               	addwf	??_main^0,f,c
   260   00205A  0E00               	movlw	0
   261   00205C  220F               	addwfc	(??_main+1)^0,f,c
   262   00205E  C00E  F005         	movff	??_main,___lldiv@divisor
   263   002062  C00F  F006         	movff	??_main+1,___lldiv@divisor+1
   264   002066  0E00               	movlw	0
   265   002068  BE06               	btfsc	(___lldiv@divisor+1)^0,7,c
   266   00206A  0EFF               	movlw	-1
   267   00206C  6E07               	movwf	(___lldiv@divisor+2)^0,c
   268   00206E  6E08               	movwf	(___lldiv@divisor+3)^0,c
   269   002070  EC58  F010         	call	___lldiv	;wreg free
   270   002074  C001  F010         	movff	?___lldiv,_checkdutyCycle
   271   002078  C002  F011         	movff	?___lldiv+1,_checkdutyCycle+1
   272   00207C                     
   273                           ;PWM_TMR2.c: 62:     preScale = ((T2CON >> 4) & (0x0F));
   274   00207C  38AC               	swapf	172,w,c	;volatile
   275   00207E  0B0F               	andlw	15
   276   002080  0B0F               	andlw	15
   277   002082  6E13               	movwf	_preScale^0,c
   278   002084                     l961:
   279                           
   280                           ;PWM_TMR2.c: 65:         pwmStatus = PWM2_OutputStatusGet();
   281   002084  ECF2  F010         	call	_PWM2_OutputStatusGet	;wreg free
   282   002088  6E12               	movwf	_pwmStatus^0,c
   283   00208A                     
   284                           ;PWM_TMR2.c: 66:         PORTBbits.RB2 = pwmStatus;
   285   00208A  B012               	btfsc	_pwmStatus^0,0,c
   286   00208C  D002               	bra	u145
   287   00208E  94CB               	bcf	203,2,c	;volatile
   288   002090  D001               	bra	u146
   289   002092                     u145:
   290   002092  84CB               	bsf	203,2,c	;volatile
   291   002094                     u146:
   292   002094                     
   293                           ;PWM_TMR2.c: 68:         if (PIR4bits.TMR2IF == 1) {
   294   002094  0139               	movlb	57	; () banked
   295   002096  A5A4               	btfss	164,2,b	;volatile
   296   002098  EF50  F010         	goto	u151
   297   00209C  EF52  F010         	goto	u150
   298   0020A0                     u151:
   299   0020A0  EF42  F010         	goto	l961
   300   0020A4                     u150:
   301   0020A4                     
   302                           ; BSR set to: 57
   303                           ;PWM_TMR2.c: 69:             PIR4bits.TMR2IF = 0;
   304   0020A4  95A4               	bcf	164,2,b	;volatile
   305   0020A6                     
   306                           ; BSR set to: 57
   307                           ;PWM_TMR2.c: 70:             PORTBbits.RB0 ^= 1;
   308   0020A6  70CB               	btg	203,0,c	;volatile
   309   0020A8  EF42  F010         	goto	l961
   310   0020AC  EFFE  F0FF         	goto	start
   311   0020B0                     __end_of_main:
   312                           	callstack 0
   313                           
   314 ;; *************** function ___lldiv *****************
   315 ;; Defined at:
   316 ;;		line 7 in file "C:\Program Files\Microchip\xc8\v2.46\pic\sources\c99\common\__lldiv.c"
   317 ;; Parameters:    Size  Location     Type
   318 ;;  dividend        4    0[COMRAM] unsigned long 
   319 ;;  divisor         4    4[COMRAM] unsigned long 
   320 ;; Auto vars:     Size  Location     Type
   321 ;;  quotient        4    8[COMRAM] unsigned long 
   322 ;;  counter         1   12[COMRAM] unsigned char 
   323 ;; Return value:  Size  Location     Type
   324 ;;                  4    0[COMRAM] unsigned long 
   325 ;; Registers used:
   326 ;;		wreg, status,2, status,0
   327 ;; Tracked objects:
   328 ;;		On entry : 0/0
   329 ;;		On exit  : 0/0
   330 ;;		Unchanged: 0/0
   331 ;; Data sizes:     COMRAM   BANK0   BANK1   BANK2   BANK3   BANK4   BANK5   BANK6   BANK7   BANK8   BANK9  BANK10  BANK1
      +1  BANK12  BANK13  BANK14  BANK15  BANK16  BANK17  BANK18  BANK19  BANK20  BANK21  BANK22  BANK23  BANK24  BANK25  BANK2
      +6  BANK27  BANK28  BANK29  BANK30  BANK31
   332 ;;      Params:         8       0       0       0       0       0       0       0       0       0       0       0       
      +0       0       0       0       0       0       0       0       0       0       0       0       0       0       0       
      +0       0       0       0       0       0
   333 ;;      Locals:         5       0       0       0       0       0       0       0       0       0       0       0       
      +0       0       0       0       0       0       0       0       0       0       0       0       0       0       0       
      +0       0       0       0       0       0
   334 ;;      Temps:          0       0       0       0       0       0       0       0       0       0       0       0       
      +0       0       0       0       0       0       0       0       0       0       0       0       0       0       0       
      +0       0       0       0       0       0
   335 ;;      Totals:        13       0       0       0       0       0       0       0       0       0       0       0       
      +0       0       0       0       0       0       0       0       0       0       0       0       0       0       0       
      +0       0       0       0       0       0
   336 ;;Total ram usage:       13 bytes
   337 ;; Hardware stack levels used: 1
   338 ;; This function calls:
   339 ;;		Nothing
   340 ;; This function is called by:
   341 ;;		_main
   342 ;; This function uses a non-reentrant model
   343 ;;
   344                           
   345                           	psect	text1
   346   0020B0                     __ptext1:
   347                           	callstack 0
   348   0020B0                     ___lldiv:
   349                           	callstack 30
   350   0020B0  0E00               	movlw	0
   351   0020B2  6E09               	movwf	___lldiv@quotient^0,c
   352   0020B4  0E00               	movlw	0
   353   0020B6  6E0A               	movwf	(___lldiv@quotient+1)^0,c
   354   0020B8  0E00               	movlw	0
   355   0020BA  6E0B               	movwf	(___lldiv@quotient+2)^0,c
   356   0020BC  0E00               	movlw	0
   357   0020BE  6E0C               	movwf	(___lldiv@quotient+3)^0,c
   358   0020C0  5005               	movf	___lldiv@divisor^0,w,c
   359   0020C2  1006               	iorwf	(___lldiv@divisor+1)^0,w,c
   360   0020C4  1007               	iorwf	(___lldiv@divisor+2)^0,w,c
   361   0020C6  1008               	iorwf	(___lldiv@divisor+3)^0,w,c
   362   0020C8  B4D8               	btfsc	status,2,c
   363   0020CA  EF69  F010         	goto	u111
   364   0020CE  EF6B  F010         	goto	u110
   365   0020D2                     u111:
   366   0020D2  EFA1  F010         	goto	l149
   367   0020D6                     u110:
   368   0020D6  0E01               	movlw	1
   369   0020D8  6E0D               	movwf	___lldiv@counter^0,c
   370   0020DA  EF75  F010         	goto	l931
   371   0020DE                     l929:
   372   0020DE  90D8               	bcf	status,0,c
   373   0020E0  3605               	rlcf	___lldiv@divisor^0,f,c
   374   0020E2  3606               	rlcf	(___lldiv@divisor+1)^0,f,c
   375   0020E4  3607               	rlcf	(___lldiv@divisor+2)^0,f,c
   376   0020E6  3608               	rlcf	(___lldiv@divisor+3)^0,f,c
   377   0020E8  2A0D               	incf	___lldiv@counter^0,f,c
   378   0020EA                     l931:
   379   0020EA  AE08               	btfss	(___lldiv@divisor+3)^0,7,c
   380   0020EC  EF7A  F010         	goto	u121
   381   0020F0  EF7C  F010         	goto	u120
   382   0020F4                     u121:
   383   0020F4  EF6F  F010         	goto	l929
   384   0020F8                     u120:
   385   0020F8                     l933:
   386   0020F8  90D8               	bcf	status,0,c
   387   0020FA  3609               	rlcf	___lldiv@quotient^0,f,c
   388   0020FC  360A               	rlcf	(___lldiv@quotient+1)^0,f,c
   389   0020FE  360B               	rlcf	(___lldiv@quotient+2)^0,f,c
   390   002100  360C               	rlcf	(___lldiv@quotient+3)^0,f,c
   391   002102  5005               	movf	___lldiv@divisor^0,w,c
   392   002104  5C01               	subwf	___lldiv@dividend^0,w,c
   393   002106  5006               	movf	(___lldiv@divisor+1)^0,w,c
   394   002108  5802               	subwfb	(___lldiv@dividend+1)^0,w,c
   395   00210A  5007               	movf	(___lldiv@divisor+2)^0,w,c
   396   00210C  5803               	subwfb	(___lldiv@dividend+2)^0,w,c
   397   00210E  5008               	movf	(___lldiv@divisor+3)^0,w,c
   398   002110  5804               	subwfb	(___lldiv@dividend+3)^0,w,c
   399   002112  A0D8               	btfss	status,0,c
   400   002114  EF8E  F010         	goto	u131
   401   002118  EF90  F010         	goto	u130
   402   00211C                     u131:
   403   00211C  EF99  F010         	goto	l941
   404   002120                     u130:
   405   002120  5005               	movf	___lldiv@divisor^0,w,c
   406   002122  5E01               	subwf	___lldiv@dividend^0,f,c
   407   002124  5006               	movf	(___lldiv@divisor+1)^0,w,c
   408   002126  5A02               	subwfb	(___lldiv@dividend+1)^0,f,c
   409   002128  5007               	movf	(___lldiv@divisor+2)^0,w,c
   410   00212A  5A03               	subwfb	(___lldiv@dividend+2)^0,f,c
   411   00212C  5008               	movf	(___lldiv@divisor+3)^0,w,c
   412   00212E  5A04               	subwfb	(___lldiv@dividend+3)^0,f,c
   413   002130  8009               	bsf	___lldiv@quotient^0,0,c
   414   002132                     l941:
   415   002132  90D8               	bcf	status,0,c
   416   002134  3208               	rrcf	(___lldiv@divisor+3)^0,f,c
   417   002136  3207               	rrcf	(___lldiv@divisor+2)^0,f,c
   418   002138  3206               	rrcf	(___lldiv@divisor+1)^0,f,c
   419   00213A  3205               	rrcf	___lldiv@divisor^0,f,c
   420   00213C  2E0D               	decfsz	___lldiv@counter^0,f,c
   421   00213E  EF7C  F010         	goto	l933
   422   002142                     l149:
   423   002142  C009  F001         	movff	___lldiv@quotient,?___lldiv
   424   002146  C00A  F002         	movff	___lldiv@quotient+1,?___lldiv+1
   425   00214A  C00B  F003         	movff	___lldiv@quotient+2,?___lldiv+2
   426   00214E  C00C  F004         	movff	___lldiv@quotient+3,?___lldiv+3
   427   002152  0012               	return		;funcret
   428   002154                     __end_of___lldiv:
   429                           	callstack 0
   430                           
   431 ;; *************** function _TMR2_StartTimer *****************
   432 ;; Defined at:
   433 ;;		line 82 in file "././PWM_H.h"
   434 ;; Parameters:    Size  Location     Type
   435 ;;		None
   436 ;; Auto vars:     Size  Location     Type
   437 ;;		None
   438 ;; Return value:  Size  Location     Type
   439 ;;                  1    wreg      void 
   440 ;; Registers used:
   441 ;;		cstack
   442 ;; Tracked objects:
   443 ;;		On entry : 0/0
   444 ;;		On exit  : 0/0
   445 ;;		Unchanged: 0/0
   446 ;; Data sizes:     COMRAM   BANK0   BANK1   BANK2   BANK3   BANK4   BANK5   BANK6   BANK7   BANK8   BANK9  BANK10  BANK1
      +1  BANK12  BANK13  BANK14  BANK15  BANK16  BANK17  BANK18  BANK19  BANK20  BANK21  BANK22  BANK23  BANK24  BANK25  BANK2
      +6  BANK27  BANK28  BANK29  BANK30  BANK31
   447 ;;      Params:         0       0       0       0       0       0       0       0       0       0       0       0       
      +0       0       0       0       0       0       0       0       0       0       0       0       0       0       0       
      +0       0       0       0       0       0
   448 ;;      Locals:         0       0       0       0       0       0       0       0       0       0       0       0       
      +0       0       0       0       0       0       0       0       0       0       0       0       0       0       0       
      +0       0       0       0       0       0
   449 ;;      Temps:          0       0       0       0       0       0       0       0       0       0       0       0       
      +0       0       0       0       0       0       0       0       0       0       0       0       0       0       0       
      +0       0       0       0       0       0
   450 ;;      Totals:         0       0       0       0       0       0       0       0       0       0       0       0       
      +0       0       0       0       0       0       0       0       0       0       0       0       0       0       0       
      +0       0       0       0       0       0
   451 ;;Total ram usage:        0 bytes
   452 ;; Hardware stack levels used: 1
   453 ;; Hardware stack levels required when called: 1
   454 ;; This function calls:
   455 ;;		_TMR2_Start
   456 ;; This function is called by:
   457 ;;		_main
   458 ;; This function uses a non-reentrant model
   459 ;;
   460                           
   461                           	psect	text2
   462   002206                     __ptext2:
   463                           	callstack 0
   464   002206                     _TMR2_StartTimer:
   465                           	callstack 29
   466   002206                     
   467                           ;././PWM_H.h: 84:     TMR2_Start();
   468   002206  EC06  F011         	call	_TMR2_Start	;wreg free
   469   00220A  0012               	return		;funcret
   470   00220C                     __end_of_TMR2_StartTimer:
   471                           	callstack 0
   472                           
   473 ;; *************** function _TMR2_Start *****************
   474 ;; Defined at:
   475 ;;		line 76 in file "././PWM_H.h"
   476 ;; Parameters:    Size  Location     Type
   477 ;;		None
   478 ;; Auto vars:     Size  Location     Type
   479 ;;		None
   480 ;; Return value:  Size  Location     Type
   481 ;;                  1    wreg      void 
   482 ;; Registers used:
   483 ;;		None
   484 ;; Tracked objects:
   485 ;;		On entry : 0/0
   486 ;;		On exit  : 0/0
   487 ;;		Unchanged: 0/0
   488 ;; Data sizes:     COMRAM   BANK0   BANK1   BANK2   BANK3   BANK4   BANK5   BANK6   BANK7   BANK8   BANK9  BANK10  BANK1
      +1  BANK12  BANK13  BANK14  BANK15  BANK16  BANK17  BANK18  BANK19  BANK20  BANK21  BANK22  BANK23  BANK24  BANK25  BANK2
      +6  BANK27  BANK28  BANK29  BANK30  BANK31
   489 ;;      Params:         0       0       0       0       0       0       0       0       0       0       0       0       
      +0       0       0       0       0       0       0       0       0       0       0       0       0       0       0       
      +0       0       0       0       0       0
   490 ;;      Locals:         0       0       0       0       0       0       0       0       0       0       0       0       
      +0       0       0       0       0       0       0       0       0       0       0       0       0       0       0       
      +0       0       0       0       0       0
   491 ;;      Temps:          0       0       0       0       0       0       0       0       0       0       0       0       
      +0       0       0       0       0       0       0       0       0       0       0       0       0       0       0       
      +0       0       0       0       0       0
   492 ;;      Totals:         0       0       0       0       0       0       0       0       0       0       0       0       
      +0       0       0       0       0       0       0       0       0       0       0       0       0       0       0       
      +0       0       0       0       0       0
   493 ;;Total ram usage:        0 bytes
   494 ;; Hardware stack levels used: 1
   495 ;; This function calls:
   496 ;;		Nothing
   497 ;; This function is called by:
   498 ;;		_TMR2_StartTimer
   499 ;; This function uses a non-reentrant model
   500 ;;
   501                           
   502                           	psect	text3
   503   00220C                     __ptext3:
   504                           	callstack 0
   505   00220C                     _TMR2_Start:
   506                           	callstack 29
   507   00220C                     
   508                           ;././PWM_H.h: 79:     T2CONbits.TMR2ON = 1;
   509   00220C  8EAC               	bsf	172,7,c	;volatile
   510   00220E  0012               	return		;funcret
   511   002210                     __end_of_TMR2_Start:
   512                           	callstack 0
   513                           
   514 ;; *************** function _TMR2_Initialize *****************
   515 ;; Defined at:
   516 ;;		line 30 in file "././PWM_H.h"
   517 ;; Parameters:    Size  Location     Type
   518 ;;		None
   519 ;; Auto vars:     Size  Location     Type
   520 ;;		None
   521 ;; Return value:  Size  Location     Type
   522 ;;                  1    wreg      void 
   523 ;; Registers used:
   524 ;;		wreg, status,2
   525 ;; Tracked objects:
   526 ;;		On entry : 0/0
   527 ;;		On exit  : 0/0
   528 ;;		Unchanged: 0/0
   529 ;; Data sizes:     COMRAM   BANK0   BANK1   BANK2   BANK3   BANK4   BANK5   BANK6   BANK7   BANK8   BANK9  BANK10  BANK1
      +1  BANK12  BANK13  BANK14  BANK15  BANK16  BANK17  BANK18  BANK19  BANK20  BANK21  BANK22  BANK23  BANK24  BANK25  BANK2
      +6  BANK27  BANK28  BANK29  BANK30  BANK31
   530 ;;      Params:         0       0       0       0       0       0       0       0       0       0       0       0       
      +0       0       0       0       0       0       0       0       0       0       0       0       0       0       0       
      +0       0       0       0       0       0
   531 ;;      Locals:         0       0       0       0       0       0       0       0       0       0       0       0       
      +0       0       0       0       0       0       0       0       0       0       0       0       0       0       0       
      +0       0       0       0       0       0
   532 ;;      Temps:          0       0       0       0       0       0       0       0       0       0       0       0       
      +0       0       0       0       0       0       0       0       0       0       0       0       0       0       0       
      +0       0       0       0       0       0
   533 ;;      Totals:         0       0       0       0       0       0       0       0       0       0       0       0       
      +0       0       0       0       0       0       0       0       0       0       0       0       0       0       0       
      +0       0       0       0       0       0
   534 ;;Total ram usage:        0 bytes
   535 ;; Hardware stack levels used: 1
   536 ;; This function calls:
   537 ;;		Nothing
   538 ;; This function is called by:
   539 ;;		_main
   540 ;; This function uses a non-reentrant model
   541 ;;
   542                           
   543                           	psect	text4
   544   002184                     __ptext4:
   545                           	callstack 0
   546   002184                     _TMR2_Initialize:
   547                           	callstack 30
   548   002184                     
   549                           ;././PWM_H.h: 35:     T2CLKCON = 0x01;
   550   002184  0E01               	movlw	1
   551   002186  6EAE               	movwf	174,c	;volatile
   552                           
   553                           ;././PWM_H.h: 38:     T2HLT = 0x00;
   554   002188  0E00               	movlw	0
   555   00218A  6EAD               	movwf	173,c	;volatile
   556                           
   557                           ;././PWM_H.h: 41:     T2RST = 0x00;
   558   00218C  0E00               	movlw	0
   559   00218E  6EAF               	movwf	175,c	;volatile
   560   002190                     
   561                           ;././PWM_H.h: 44:     T2PR = 0xFF;
   562   002190  68AB               	setf	171,c	;volatile
   563                           
   564                           ;././PWM_H.h: 47:     T2TMR = 0x00;
   565   002192  0E00               	movlw	0
   566   002194  6EAA               	movwf	170,c	;volatile
   567   002196                     
   568                           ;././PWM_H.h: 50:     PIR4bits.TMR2IF = 0;
   569   002196  0139               	movlb	57	; () banked
   570   002198  95A4               	bcf	164,2,b	;volatile
   571                           
   572                           ;././PWM_H.h: 53:     T2CON = 0xb0;
   573   00219A  0EB0               	movlw	176
   574   00219C  6EAC               	movwf	172,c	;volatile
   575                           
   576                           ;././PWM_H.h: 55:     T0CON1=0x4A;
   577   00219E  0E4A               	movlw	74
   578   0021A0  6EB9               	movwf	185,c	;volatile
   579                           
   580                           ;././PWM_H.h: 57:     CCP2CON = 0x8C;
   581   0021A2  0E8C               	movlw	140
   582   0021A4  6E7A               	movwf	122,c	;volatile
   583                           
   584                           ;././PWM_H.h: 59:     CCPR2 = 0x0199;
   585   0021A6  0E01               	movlw	1
   586   0021A8  6E79               	movwf	121,c	;volatile
   587   0021AA  0E99               	movlw	153
   588   0021AC  6E78               	movwf	120,c	;volatile
   589   0021AE                     
   590                           ; BSR set to: 57
   591   0021AE  0012               	return		;funcret
   592   0021B0                     __end_of_TMR2_Initialize:
   593                           	callstack 0
   594                           
   595 ;; *************** function _PWM_Output_D8_Enable *****************
   596 ;; Defined at:
   597 ;;		line 150 in file "././PWM_H.h"
   598 ;; Parameters:    Size  Location     Type
   599 ;;		None
   600 ;; Auto vars:     Size  Location     Type
   601 ;;		None
   602 ;; Return value:  Size  Location     Type
   603 ;;                  1    wreg      void 
   604 ;; Registers used:
   605 ;;		wreg, status,2
   606 ;; Tracked objects:
   607 ;;		On entry : 0/0
   608 ;;		On exit  : 0/0
   609 ;;		Unchanged: 0/0
   610 ;; Data sizes:     COMRAM   BANK0   BANK1   BANK2   BANK3   BANK4   BANK5   BANK6   BANK7   BANK8   BANK9  BANK10  BANK1
      +1  BANK12  BANK13  BANK14  BANK15  BANK16  BANK17  BANK18  BANK19  BANK20  BANK21  BANK22  BANK23  BANK24  BANK25  BANK2
      +6  BANK27  BANK28  BANK29  BANK30  BANK31
   611 ;;      Params:         0       0       0       0       0       0       0       0       0       0       0       0       
      +0       0       0       0       0       0       0       0       0       0       0       0       0       0       0       
      +0       0       0       0       0       0
   612 ;;      Locals:         0       0       0       0       0       0       0       0       0       0       0       0       
      +0       0       0       0       0       0       0       0       0       0       0       0       0       0       0       
      +0       0       0       0       0       0
   613 ;;      Temps:          0       0       0       0       0       0       0       0       0       0       0       0       
      +0       0       0       0       0       0       0       0       0       0       0       0       0       0       0       
      +0       0       0       0       0       0
   614 ;;      Totals:         0       0       0       0       0       0       0       0       0       0       0       0       
      +0       0       0       0       0       0       0       0       0       0       0       0       0       0       0       
      +0       0       0       0       0       0
   615 ;;Total ram usage:        0 bytes
   616 ;; Hardware stack levels used: 1
   617 ;; This function calls:
   618 ;;		Nothing
   619 ;; This function is called by:
   620 ;;		_main
   621 ;; This function uses a non-reentrant model
   622 ;;
   623                           
   624                           	psect	text5
   625   0021B0                     __ptext5:
   626                           	callstack 0
   627   0021B0                     _PWM_Output_D8_Enable:
   628                           	callstack 30
   629   0021B0                     
   630                           ;././PWM_H.h: 151:     PPSLOCK = 0x55;
   631   0021B0  0E55               	movlw	85
   632   0021B2  013A               	movlb	58	; () banked
   633   0021B4  6FBF               	movwf	191,b	;volsfr
   634                           
   635                           ;././PWM_H.h: 152:     PPSLOCK = 0xAA;
   636   0021B6  0EAA               	movlw	170
   637   0021B8  6FBF               	movwf	191,b	;volsfr
   638   0021BA                     
   639                           ; BSR set to: 58
   640                           ;././PWM_H.h: 153:     PPSLOCKbits.PPSLOCKED = 0x00;
   641   0021BA  91BF               	bcf	191,0,b	;volsfr
   642                           
   643                           ;././PWM_H.h: 156:     RB3PPS = 0x0A;
   644   0021BC  0E0A               	movlw	10
   645   0021BE  6F0B               	movwf	11,b	;volatile
   646                           
   647                           ;././PWM_H.h: 158:     PPSLOCK = 0x55;
   648   0021C0  0E55               	movlw	85
   649   0021C2  6FBF               	movwf	191,b	;volsfr
   650                           
   651                           ;././PWM_H.h: 159:     PPSLOCK = 0xAA;
   652   0021C4  0EAA               	movlw	170
   653   0021C6  6FBF               	movwf	191,b	;volsfr
   654   0021C8                     
   655                           ; BSR set to: 58
   656                           ;././PWM_H.h: 160:     PPSLOCKbits.PPSLOCKED = 0x01;
   657   0021C8  81BF               	bsf	191,0,b	;volsfr
   658   0021CA                     
   659                           ; BSR set to: 58
   660   0021CA  0012               	return		;funcret
   661   0021CC                     __end_of_PWM_Output_D8_Enable:
   662                           	callstack 0
   663                           
   664 ;; *************** function _PWM2_OutputStatusGet *****************
   665 ;; Defined at:
   666 ;;		line 213 in file "././PWM_H.h"
   667 ;; Parameters:    Size  Location     Type
   668 ;;		None
   669 ;; Auto vars:     Size  Location     Type
   670 ;;		None
   671 ;; Return value:  Size  Location     Type
   672 ;;                  1    wreg      _Bool 
   673 ;; Registers used:
   674 ;;		wreg
   675 ;; Tracked objects:
   676 ;;		On entry : 0/0
   677 ;;		On exit  : 0/0
   678 ;;		Unchanged: 0/0
   679 ;; Data sizes:     COMRAM   BANK0   BANK1   BANK2   BANK3   BANK4   BANK5   BANK6   BANK7   BANK8   BANK9  BANK10  BANK1
      +1  BANK12  BANK13  BANK14  BANK15  BANK16  BANK17  BANK18  BANK19  BANK20  BANK21  BANK22  BANK23  BANK24  BANK25  BANK2
      +6  BANK27  BANK28  BANK29  BANK30  BANK31
   680 ;;      Params:         0       0       0       0       0       0       0       0       0       0       0       0       
      +0       0       0       0       0       0       0       0       0       0       0       0       0       0       0       
      +0       0       0       0       0       0
   681 ;;      Locals:         0       0       0       0       0       0       0       0       0       0       0       0       
      +0       0       0       0       0       0       0       0       0       0       0       0       0       0       0       
      +0       0       0       0       0       0
   682 ;;      Temps:          0       0       0       0       0       0       0       0       0       0       0       0       
      +0       0       0       0       0       0       0       0       0       0       0       0       0       0       0       
      +0       0       0       0       0       0
   683 ;;      Totals:         0       0       0       0       0       0       0       0       0       0       0       0       
      +0       0       0       0       0       0       0       0       0       0       0       0       0       0       0       
      +0       0       0       0       0       0
   684 ;;Total ram usage:        0 bytes
   685 ;; Hardware stack levels used: 1
   686 ;; This function calls:
   687 ;;		Nothing
   688 ;; This function is called by:
   689 ;;		_main
   690 ;; This function uses a non-reentrant model
   691 ;;
   692                           
   693                           	psect	text6
   694   0021E4                     __ptext6:
   695                           	callstack 0
   696   0021E4                     _PWM2_OutputStatusGet:
   697                           	callstack 30
   698   0021E4                     
   699                           ;././PWM_H.h: 216:     return(CCP2CONbits.OUT);
   700   0021E4  BA7A               	btfsc	122,5,c	;volatile
   701   0021E6  EFF7  F010         	goto	u31
   702   0021EA  EFFA  F010         	goto	u30
   703   0021EE                     u31:
   704   0021EE  0E01               	movlw	1
   705   0021F0  EFFB  F010         	goto	u36
   706   0021F4                     u30:
   707   0021F4  0E00               	movlw	0
   708   0021F6                     u36:
   709   0021F6  0012               	return		;funcret
   710   0021F8                     __end_of_PWM2_OutputStatusGet:
   711                           	callstack 0
   712                           
   713 ;; *************** function _PWM2_LoadDutyValue *****************
   714 ;; Defined at:
   715 ;;		line 195 in file "././PWM_H.h"
   716 ;; Parameters:    Size  Location     Type
   717 ;;  dutyValue       2    0[COMRAM] unsigned short 
   718 ;; Auto vars:     Size  Location     Type
   719 ;;		None
   720 ;; Return value:  Size  Location     Type
   721 ;;                  1    wreg      void 
   722 ;; Registers used:
   723 ;;		wreg, status,2, status,0
   724 ;; Tracked objects:
   725 ;;		On entry : 0/0
   726 ;;		On exit  : 0/0
   727 ;;		Unchanged: 0/0
   728 ;; Data sizes:     COMRAM   BANK0   BANK1   BANK2   BANK3   BANK4   BANK5   BANK6   BANK7   BANK8   BANK9  BANK10  BANK1
      +1  BANK12  BANK13  BANK14  BANK15  BANK16  BANK17  BANK18  BANK19  BANK20  BANK21  BANK22  BANK23  BANK24  BANK25  BANK2
      +6  BANK27  BANK28  BANK29  BANK30  BANK31
   729 ;;      Params:         2       0       0       0       0       0       0       0       0       0       0       0       
      +0       0       0       0       0       0       0       0       0       0       0       0       0       0       0       
      +0       0       0       0       0       0
   730 ;;      Locals:         0       0       0       0       0       0       0       0       0       0       0       0       
      +0       0       0       0       0       0       0       0       0       0       0       0       0       0       0       
      +0       0       0       0       0       0
   731 ;;      Temps:          0       0       0       0       0       0       0       0       0       0       0       0       
      +0       0       0       0       0       0       0       0       0       0       0       0       0       0       0       
      +0       0       0       0       0       0
   732 ;;      Totals:         2       0       0       0       0       0       0       0       0       0       0       0       
      +0       0       0       0       0       0       0       0       0       0       0       0       0       0       0       
      +0       0       0       0       0       0
   733 ;;Total ram usage:        2 bytes
   734 ;; Hardware stack levels used: 1
   735 ;; This function calls:
   736 ;;		Nothing
   737 ;; This function is called by:
   738 ;;		_main
   739 ;; This function uses a non-reentrant model
   740 ;;
   741                           
   742                           	psect	text7
   743   002154                     __ptext7:
   744                           	callstack 0
   745   002154                     _PWM2_LoadDutyValue:
   746                           	callstack 30
   747   002154                     
   748                           ;././PWM_H.h: 195: void PWM2_LoadDutyValue(uint16_t dutyValue);././PWM_H.h: 196: {;././P
      +                          WM_H.h: 197:     dutyValue &= 0x03FF;
   749   002154  0EFF               	movlw	255
   750   002156  1601               	andwf	PWM2_LoadDutyValue@dutyValue^0,f,c
   751   002158  0E03               	movlw	3
   752   00215A  1602               	andwf	(PWM2_LoadDutyValue@dutyValue+1)^0,f,c
   753   00215C                     
   754                           ;././PWM_H.h: 200:     if(CCP2CONbits.FMT)
   755   00215C  A87A               	btfss	122,4,c	;volatile
   756   00215E  EFB3  F010         	goto	u91
   757   002162  EFB5  F010         	goto	u90
   758   002166                     u91:
   759   002166  EFBC  F010         	goto	l915
   760   00216A                     u90:
   761   00216A                     
   762                           ;././PWM_H.h: 201:     {;././PWM_H.h: 202:         dutyValue <<= 6;
   763   00216A  0E06               	movlw	6
   764   00216C                     u105:
   765   00216C  90D8               	bcf	status,0,c
   766   00216E  3601               	rlcf	PWM2_LoadDutyValue@dutyValue^0,f,c
   767   002170  3602               	rlcf	(PWM2_LoadDutyValue@dutyValue+1)^0,f,c
   768   002172  2EE8               	decfsz	wreg,f,c
   769   002174  EFB6  F010         	goto	u105
   770   002178                     l915:
   771                           
   772                           ;././PWM_H.h: 203:         CCPR2H = dutyValue >> 8;
   773   002178  5002               	movf	(PWM2_LoadDutyValue@dutyValue+1)^0,w,c
   774   00217A  6E79               	movwf	121,c	;volatile
   775   00217C                     
   776                           ;././PWM_H.h: 204:         CCPR2L = dutyValue;
   777   00217C  0060  F007  FF78   	movff	PWM2_LoadDutyValue@dutyValue,16248	;volatile
   778   002182  0012               	return		;funcret
   779   002184                     __end_of_PWM2_LoadDutyValue:
   780                           	callstack 0
   781                           
   782 ;; *************** function _PWM2_Initialize *****************
   783 ;; Defined at:
   784 ;;		line 178 in file "././PWM_H.h"
   785 ;; Parameters:    Size  Location     Type
   786 ;;		None
   787 ;; Auto vars:     Size  Location     Type
   788 ;;		None
   789 ;; Return value:  Size  Location     Type
   790 ;;                  1    wreg      void 
   791 ;; Registers used:
   792 ;;		wreg, status,2
   793 ;; Tracked objects:
   794 ;;		On entry : 0/0
   795 ;;		On exit  : 0/0
   796 ;;		Unchanged: 0/0
   797 ;; Data sizes:     COMRAM   BANK0   BANK1   BANK2   BANK3   BANK4   BANK5   BANK6   BANK7   BANK8   BANK9  BANK10  BANK1
      +1  BANK12  BANK13  BANK14  BANK15  BANK16  BANK17  BANK18  BANK19  BANK20  BANK21  BANK22  BANK23  BANK24  BANK25  BANK2
      +6  BANK27  BANK28  BANK29  BANK30  BANK31
   798 ;;      Params:         0       0       0       0       0       0       0       0       0       0       0       0       
      +0       0       0       0       0       0       0       0       0       0       0       0       0       0       0       
      +0       0       0       0       0       0
   799 ;;      Locals:         0       0       0       0       0       0       0       0       0       0       0       0       
      +0       0       0       0       0       0       0       0       0       0       0       0       0       0       0       
      +0       0       0       0       0       0
   800 ;;      Temps:          0       0       0       0       0       0       0       0       0       0       0       0       
      +0       0       0       0       0       0       0       0       0       0       0       0       0       0       0       
      +0       0       0       0       0       0
   801 ;;      Totals:         0       0       0       0       0       0       0       0       0       0       0       0       
      +0       0       0       0       0       0       0       0       0       0       0       0       0       0       0       
      +0       0       0       0       0       0
   802 ;;Total ram usage:        0 bytes
   803 ;; Hardware stack levels used: 1
   804 ;; This function calls:
   805 ;;		Nothing
   806 ;; This function is called by:
   807 ;;		_main
   808 ;; This function uses a non-reentrant model
   809 ;;
   810                           
   811                           	psect	text8
   812   0021CC                     __ptext8:
   813                           	callstack 0
   814   0021CC                     _PWM2_Initialize:
   815                           	callstack 30
   816   0021CC                     
   817                           ;././PWM_H.h: 183:  CCP2CON = 0x8C;
   818   0021CC  0E8C               	movlw	140
   819   0021CE  6E7A               	movwf	122,c	;volatile
   820                           
   821                           ;././PWM_H.h: 186:  CCPR2H = 0x0;
   822   0021D0  0E00               	movlw	0
   823   0021D2  6E79               	movwf	121,c	;volatile
   824                           
   825                           ;././PWM_H.h: 189:  CCPR2L = 0x0f;
   826   0021D4  0E0F               	movlw	15
   827   0021D6  6E78               	movwf	120,c	;volatile
   828                           
   829                           ;././PWM_H.h: 192:  CCPTMRS0bits.C2TSEL = 0x1;
   830   0021D8  013F               	movlb	63	; () banked
   831   0021DA  515E               	movf	94,w,b	;volatile
   832   0021DC  0BF3               	andlw	-13
   833   0021DE  0904               	iorlw	4
   834   0021E0  6F5E               	movwf	94,b	;volatile
   835   0021E2                     
   836                           ; BSR set to: 63
   837   0021E2  0012               	return		;funcret
   838   0021E4                     __end_of_PWM2_Initialize:
   839                           	callstack 0
   840                           
   841                           	psect	smallconst
   842   002000                     __psmallconst:
   843                           	callstack 0
   844   002000  00                 	db	0
   845   002001  00                 	db	0	; dummy byte at the end
   846   000000                     
   847                           	psect	rparam
   848   000000                     
   849                           	psect	config
   850                           
   851                           ;Config register CONFIG1L @ 0x300000
   852                           ;	External Oscillator Selection
   853                           ;	FEXTOSC = LP, LP (crystal oscillator) optimized for 32.768 kHz; PFM set to low power
   854                           ;	Reset Oscillator Selection
   855                           ;	RSTOSC = EXTOSC, EXTOSC operating per FEXTOSC bits (device manufacturing default)
   856   300000                     	org	3145728
   857   300000  F8                 	db	248
   858                           
   859                           ;Config register CONFIG1H @ 0x300001
   860                           ;	Clock out Enable bit
   861                           ;	CLKOUTEN = OFF, CLKOUT function is disabled
   862                           ;	PRLOCKED One-Way Set Enable bit
   863                           ;	PR1WAY = ON, PRLOCK bit can be cleared and set only once
   864                           ;	Clock Switch Enable bit
   865                           ;	CSWEN = ON, Writing to NOSC and NDIV is allowed
   866                           ;	Fail-Safe Clock Monitor Enable bit
   867                           ;	FCMEN = ON, Fail-Safe Clock Monitor enabled
   868   300001                     	org	3145729
   869   300001  FF                 	db	255
   870                           
   871                           ;Config register CONFIG2L @ 0x300002
   872                           ;	MCLR Enable bit
   873                           ;	MCLRE = EXTMCLR, If LVP = 0, MCLR pin is MCLR; If LVP = 1, RE3 pin function is MCLR
   874                           ;	Power-up timer selection bits
   875                           ;	PWRTS = PWRT_OFF, PWRT is disabled
   876                           ;	Multi-vector enable bit
   877                           ;	MVECEN = ON, Multi-vector enabled, Vector table used for interrupts
   878                           ;	IVTLOCK bit One-way set enable bit
   879                           ;	IVT1WAY = ON, IVTLOCK bit can be cleared and set only once
   880                           ;	Low Power BOR Enable bit
   881                           ;	LPBOREN = OFF, ULPBOR disabled
   882                           ;	Brown-out Reset Enable bits
   883                           ;	BOREN = SBORDIS, Brown-out Reset enabled , SBOREN bit is ignored
   884   300002                     	org	3145730
   885   300002  FF                 	db	255
   886                           
   887                           ;Config register CONFIG2H @ 0x300003
   888                           ;	Brown-out Reset Voltage Selection bits
   889                           ;	BORV = VBOR_2P45, Brown-out Reset Voltage (VBOR) set to 2.45V
   890                           ;	ZCD Disable bit
   891                           ;	ZCD = OFF, ZCD disabled. ZCD can be enabled by setting the ZCDSEN bit of ZCDCON
   892                           ;	PPSLOCK bit One-Way Set Enable bit
   893                           ;	PPS1WAY = ON, PPSLOCK bit can be cleared and set only once; PPS registers remain locke
      +                          d after one clear/set cycle
   894                           ;	Stack Full/Underflow Reset Enable bit
   895                           ;	STVREN = ON, Stack full/underflow will cause Reset
   896                           ;	Debugger Enable bit
   897                           ;	DEBUG = OFF, Background debugger disabled
   898                           ;	Extended Instruction Set Enable bit
   899                           ;	XINST = OFF, Extended Instruction Set and Indexed Addressing Mode disabled
   900   300003                     	org	3145731
   901   300003  FF                 	db	255
   902                           
   903                           ;Config register CONFIG3L @ 0x300004
   904                           ;	WDT Period selection bits
   905                           ;	WDTCPS = WDTCPS_31, Divider ratio 1:65536; software control of WDTPS
   906                           ;	WDT operating mode
   907                           ;	WDTE = OFF, WDT Disabled; SWDTEN is ignored
   908   300004                     	org	3145732
   909   300004  9F                 	db	159
   910                           
   911                           ;Config register CONFIG3H @ 0x300005
   912                           ;	WDT Window Select bits
   913                           ;	WDTCWS = WDTCWS_7, window always open (100%); software control; keyed access not requi
      +                          red
   914                           ;	WDT input clock selector
   915                           ;	WDTCCS = SC, Software Control
   916   300005                     	org	3145733
   917   300005  FF                 	db	255
   918                           
   919                           ;Config register CONFIG4L @ 0x300006
   920                           ;	Boot Block Size selection bits
   921                           ;	BBSIZE = BBSIZE_512, Boot Block size is 512 words
   922                           ;	Boot Block enable bit
   923                           ;	BBEN = OFF, Boot block disabled
   924                           ;	Storage Area Flash enable bit
   925                           ;	SAFEN = OFF, SAF disabled
   926                           ;	Application Block write protection bit
   927                           ;	WRTAPP = OFF, Application Block not write protected
   928   300006                     	org	3145734
   929   300006  FF                 	db	255
   930                           
   931                           ;Config register CONFIG4H @ 0x300007
   932                           ;	Boot Block Write Protection bit
   933                           ;	WRTB = OFF, Boot Block not write-protected
   934                           ;	Configuration Register Write Protection bit
   935                           ;	WRTC = OFF, Configuration registers not write-protected
   936                           ;	Data EEPROM Write Protection bit
   937                           ;	WRTD = OFF, Data EEPROM not write-protected
   938                           ;	SAF Write protection bit
   939                           ;	WRTSAF = OFF, SAF not Write Protected
   940                           ;	Low Voltage Programming Enable bit
   941                           ;	LVP = ON, Low voltage programming enabled. MCLR/VPP pin function is MCLR. MCLRE config
      +                          uration bit is ignored
   942   300007                     	org	3145735
   943   300007  FF                 	db	255
   944                           
   945                           ;Config register CONFIG5L @ 0x300008
   946                           ;	PFM and Data EEPROM Code Protection bit
   947                           ;	CP = OFF, PFM and Data EEPROM code protection disabled
   948   300008                     	org	3145736
   949   300008  FF                 	db	255
   950                           
   951                           ;Config register CONFIG5H @ 0x300009
   952                           ;	unspecified, using default values
   953   300009                     	org	3145737
   954   300009  FF                 	db	255
   955                           tosu	equ	0x3FFF
   956                           tosh	equ	0x3FFE
   957                           tosl	equ	0x3FFD
   958                           stkptr	equ	0x3FFC
   959                           pclatu	equ	0x3FFB
   960                           pclath	equ	0x3FFA
   961                           pcl	equ	0x3FF9
   962                           tblptru	equ	0x3FF8
   963                           tblptrh	equ	0x3FF7
   964                           tblptrl	equ	0x3FF6
   965                           tablat	equ	0x3FF5
   966                           prodh	equ	0x3FF4
   967                           prodl	equ	0x3FF3
   968                           indf0	equ	0x3FEF
   969                           postinc0	equ	0x3FEE
   970                           postdec0	equ	0x3FED
   971                           preinc0	equ	0x3FEC
   972                           plusw0	equ	0x3FEB
   973                           fsr0h	equ	0x3FEA
   974                           fsr0l	equ	0x3FE9
   975                           wreg	equ	0x3FE8
   976                           indf1	equ	0x3FE7
   977                           postinc1	equ	0x3FE6
   978                           postdec1	equ	0x3FE5
   979                           preinc1	equ	0x3FE4
   980                           plusw1	equ	0x3FE3
   981                           fsr1h	equ	0x3FE2
   982                           fsr1l	equ	0x3FE1
   983                           bsr	equ	0x3FE0
   984                           indf2	equ	0x3FDF
   985                           postinc2	equ	0x3FDE
   986                           postdec2	equ	0x3FDD
   987                           preinc2	equ	0x3FDC
   988                           plusw2	equ	0x3FDB
   989                           fsr2h	equ	0x3FDA
   990                           fsr2l	equ	0x3FD9
   991                           status	equ	0x3FD8

Data Sizes:
    Strings     0
    Constant    0
    Data        0
    BSS         4
    Persistent  0
    Stack       0

Auto Spaces:
    Space          Size  Autos    Used
    COMRAM           95     15      19
    BANK0           160      0       0
    BANK1           256      0       0
    BANK2           256      0       0
    BANK3           256      0       0
    BANK4           256      0       0
    BANK5           256      0       0
    BANK6           256      0       0
    BANK7           256      0       0
    BANK8           256      0       0
    BANK9           256      0       0
    BANK10          256      0       0
    BANK11          256      0       0
    BANK12          256      0       0
    BANK13          256      0       0
    BANK14          256      0       0
    BANK15          256      0       0
    BANK16          256      0       0
    BANK17          256      0       0
    BANK18          256      0       0
    BANK19          256      0       0
    BANK20          256      0       0
    BANK21          256      0       0
    BANK22          256      0       0
    BANK23          256      0       0
    BANK24          256      0       0
    BANK25          256      0       0
    BANK26          256      0       0
    BANK27          256      0       0
    BANK28          256      0       0
    BANK29          256      0       0
    BANK30          256      0       0
    BANK31          256      0       0

Pointer List with Targets:

    None.

Critical Paths under _main in COMRAM

    _main->___lldiv

Critical Paths under _main in BANK0

    None.

Critical Paths under _main in BANK1

    None.

Critical Paths under _main in BANK2

    None.

Critical Paths under _main in BANK3

    None.

Critical Paths under _main in BANK4

    None.

Critical Paths under _main in BANK5

    None.

Critical Paths under _main in BANK6

    None.

Critical Paths under _main in BANK7

    None.

Critical Paths under _main in BANK8

    None.

Critical Paths under _main in BANK9

    None.

Critical Paths under _main in BANK10

    None.

Critical Paths under _main in BANK11

    None.

Critical Paths under _main in BANK12

    None.

Critical Paths under _main in BANK13

    None.

Critical Paths under _main in BANK14

    None.

Critical Paths under _main in BANK15

    None.

Critical Paths under _main in BANK16

    None.

Critical Paths under _main in BANK17

    None.

Critical Paths under _main in BANK18

    None.

Critical Paths under _main in BANK19

    None.

Critical Paths under _main in BANK20

    None.

Critical Paths under _main in BANK21

    None.

Critical Paths under _main in BANK22

    None.

Critical Paths under _main in BANK23

    None.

Critical Paths under _main in BANK24

    None.

Critical Paths under _main in BANK25

    None.

Critical Paths under _main in BANK26

    None.

Critical Paths under _main in BANK27

    None.

Critical Paths under _main in BANK28

    None.

Critical Paths under _main in BANK29

    None.

Critical Paths under _main in BANK30

    None.

Critical Paths under _main in BANK31

    None.

Call Graph Tables:

 ---------------------------------------------------------------------------------
 (Depth) Function   	        Calls       Base Space   Used Autos Params    Refs
 ---------------------------------------------------------------------------------
 (0) _main                                                 2     2      0     480
                                             13 COMRAM     2     2      0
                    _PWM2_Initialize
                 _PWM2_LoadDutyValue
               _PWM2_OutputStatusGet
               _PWM_Output_D8_Enable
                    _TMR2_Initialize
                    _TMR2_StartTimer
                            ___lldiv
 ---------------------------------------------------------------------------------
 (1) ___lldiv                                             13     5      8     314
                                              0 COMRAM    13     5      8
 ---------------------------------------------------------------------------------
 (1) _TMR2_StartTimer                                      0     0      0       0
                         _TMR2_Start
 ---------------------------------------------------------------------------------
 (2) _TMR2_Start                                           0     0      0       0
 ---------------------------------------------------------------------------------
 (1) _TMR2_Initialize                                      0     0      0       0
 ---------------------------------------------------------------------------------
 (1) _PWM_Output_D8_Enable                                 0     0      0       0
 ---------------------------------------------------------------------------------
 (1) _PWM2_OutputStatusGet                                 0     0      0       0
 ---------------------------------------------------------------------------------
 (1) _PWM2_LoadDutyValue                                   2     0      2     166
                                              0 COMRAM     2     0      2
 ---------------------------------------------------------------------------------
 (1) _PWM2_Initialize                                      0     0      0       0
 ---------------------------------------------------------------------------------
 Estimated maximum stack depth 2
 ---------------------------------------------------------------------------------

 Call Graph Graphs:

 _main (ROOT)
   _PWM2_Initialize
   _PWM2_LoadDutyValue
   _PWM2_OutputStatusGet
   _PWM_Output_D8_Enable
   _TMR2_Initialize
   _TMR2_StartTimer
     _TMR2_Start
   ___lldiv

 Address spaces:
Name               Size   Autos  Total    Cost      Usage
BIGRAM            1FFF      0       0      82        0.0%
BITBIGSFRllhlhl    49E      0       0      75        0.0%
EEDATA             400      0       0       0        0.0%
BITBIGSFRlll       1A4      0       0      81        0.0%
BITBANK31          100      0       0      67        0.0%
BANK31             100      0       0      68        0.0%
BITBANK30          100      0       0      65        0.0%
BANK30             100      0       0      66        0.0%
BITBANK29          100      0       0      63        0.0%
BANK29             100      0       0      64        0.0%
BITBANK28          100      0       0      61        0.0%
BANK28             100      0       0      62        0.0%
BITBANK27          100      0       0      59        0.0%
BANK27             100      0       0      60        0.0%
BITBANK26          100      0       0      57        0.0%
BANK26             100      0       0      58        0.0%
BITBANK25          100      0       0      55        0.0%
BANK25             100      0       0      56        0.0%
BITBANK24          100      0       0      53        0.0%
BANK24             100      0       0      54        0.0%
BITBANK23          100      0       0      51        0.0%
BANK23             100      0       0      52        0.0%
BITBANK22          100      0       0      49        0.0%
BANK22             100      0       0      50        0.0%
BITBANK21          100      0       0      47        0.0%
BANK21             100      0       0      48        0.0%
BITBANK20          100      0       0      45        0.0%
BANK20             100      0       0      46        0.0%
BITBANK19          100      0       0      43        0.0%
BANK19             100      0       0      44        0.0%
BITBANK18          100      0       0      41        0.0%
BANK18             100      0       0      42        0.0%
BITBANK17          100      0       0      39        0.0%
BANK17             100      0       0      40        0.0%
BITBANK16          100      0       0      37        0.0%
BANK16             100      0       0      38        0.0%
BITBANK15          100      0       0      35        0.0%
BANK15             100      0       0      36        0.0%
BITBANK14          100      0       0      33        0.0%
BANK14             100      0       0      34        0.0%
BITBANK13          100      0       0      31        0.0%
BANK13             100      0       0      32        0.0%
BITBANK12          100      0       0      29        0.0%
BANK12             100      0       0      30        0.0%
BITBANK11          100      0       0      27        0.0%
BANK11             100      0       0      28        0.0%
BITBANK10          100      0       0      25        0.0%
BANK10             100      0       0      26        0.0%
BITBANK9           100      0       0      23        0.0%
BANK9              100      0       0      24        0.0%
BITBANK8           100      0       0      21        0.0%
BANK8              100      0       0      22        0.0%
BITBANK7           100      0       0      19        0.0%
BANK7              100      0       0      20        0.0%
BITBANK6           100      0       0      17        0.0%
BANK6              100      0       0      18        0.0%
BITBANK5           100      0       0      15        0.0%
BANK5              100      0       0      16        0.0%
BITBANK4           100      0       0      12        0.0%
BANK4              100      0       0      13        0.0%
BITBANK3           100      0       0      10        0.0%
BANK3              100      0       0      11        0.0%
BITBANK2           100      0       0       8        0.0%
BANK2              100      0       0       9        0.0%
BITBANK1           100      0       0       6        0.0%
BANK1              100      0       0       7        0.0%
BITBANK0            A0      0       0       4        0.0%
BANK0               A0      0       0       5        0.0%
BITBIGSFRllhllh     6E      0       0      76        0.0%
BITCOMRAM           5F      0       0       0        0.0%
COMRAM              5F      F      13       1       20.0%
BITBIGSFRllhllh     44      0       0      77        0.0%
BITBIGSFRllhlll     37      0       0      80        0.0%
BITBIGSFRhhhh       34      0       0      69        0.0%
BITBIGSFRllhh       2F      0       0      73        0.0%
BITBIGSFRllhlll     2B      0       0      78        0.0%
BITBIGSFRllhlhh     19      0       0      74        0.0%
BITBIGSFRhhl         9      0       0      71        0.0%
BITBIGSFRhl          9      0       0      72        0.0%
BITBIGSFRhhhl        7      0       0      70        0.0%
BITBIGSFRllhlll      2      0       0      79        0.0%
BIGSFR               0      0       0     200        0.0%
BITSFR_8             0      0       0     200        0.0%
SFR_8                0      0       0     200        0.0%
BITSFR_7             0      0       0     200        0.0%
SFR_7                0      0       0     200        0.0%
BITSFR_6             0      0       0     200        0.0%
SFR_6                0      0       0     200        0.0%
BITSFR_5             0      0       0     200        0.0%
SFR_5                0      0       0     200        0.0%
BITSFR_4             0      0       0     200        0.0%
SFR_4                0      0       0     200        0.0%
BITSFR_3             0      0       0     200        0.0%
SFR_3                0      0       0     200        0.0%
BITSFR_2             0      0       0     200        0.0%
SFR_2                0      0       0     200        0.0%
BITSFR_1             0      0       0     200        0.0%
SFR_1                0      0       0     200        0.0%
BITSFR               0      0       0     200        0.0%
SFR                  0      0       0     200        0.0%
STACK                0      0       0       2        0.0%
NULL                 0      0       0       0        0.0%
ABS                  0      0      13      14        0.0%
DATA                 0      0      13       3        0.0%
CODE                 0      0       0       0        0.0%


Microchip Technology PIC18 Macro Assembler V2.46 build 20240104201356 
Symbol Table                                                                                   Thu May 02 11:17:43 2024

       ?_PWM_Output_D8_Enable 0001                            l60 220E                            l63 220A  
                          l57 21AE                            l90 21CA                            l96 21E2  
                          u30 21F4                            u31 21EE                            u36 21F6  
                          u90 216A                            u91 2166                           l101 2182  
                         l104 21F6                           l156 2152                           l149 2142  
                         l801 2196                           l803 2206                           l821 21C8  
                         l823 21CC                           l911 215C                           l913 216A  
                         l817 21B0                           l915 2178                           l819 21BA  
                         l931 20EA                           l923 20B0                           l917 217C  
                         l909 2154                           l941 2132                           l933 20F8  
                         l925 20C0                           l839 21E4                           l943 213C  
                         l935 2102                           l927 20D6                           l951 2020  
                         l937 2120                           l929 20DE                           l961 2084  
                         l953 2024                           l945 2002                           l795 220C  
                         l939 2130                           l963 208A                           l955 2028  
                         l947 2006                           l797 2184                           l965 2094  
                         l957 2034                           l949 2018                           l799 2190  
                         l967 20A4                           l959 207C                           l969 20A6  
                         u110 20D6                           u111 20D2                           u120 20F8  
                         u105 216C                           u121 20F4                           u130 2120  
                         u131 211C                           u150 20A4                           u151 20A0  
                         u145 2092                           u146 2094                           _PR2 3FAB  
             _TMR2_Initialize 2184                           wreg 3FE8  __end_of_PWM2_OutputStatusGet 21F8  
                        _T2PR 3FAB                          _TMR2 3FAA                          _main 2002  
                        start FFFC                  ___param_bank 0000       __end_of_PWM2_Initialize 21E4  
              _checkdutyCycle 0010                         ?_main 0001                         _CCPR2 3F78  
             __end_of___lldiv 2154                         _T2CON 3FAC                         _T2HLT 3FAD  
                       _T2TMR 3FAA                         _T2RST 3FAF                         _PORTB 3FCB  
                       _TRISB 3FC3                   ?_TMR2_Start 0001                         status 3FD8  
             _TMR2_StartTimer 2206        ??_PWM_Output_D8_Enable 0001               __initialization 21F8  
                __end_of_main 20B0       __end_of_TMR2_Initialize 21B0                        ??_main 000E  
               __activetblptr 0000                        _CCPR2H 3F79                        _CCPR2L 3F78  
                      _ANSELB 3A50                        _T0CON1 3FB9                        _RB3PPS 3A0B  
                      _OSCFRQ 39DF                  _CCPTMRS0bits 3F5E                     ??___lldiv 0009  
            ?_PWM2_Initialize 0001          _PWM2_OutputStatusGet 21E4                        isa$std 0001  
                __mediumconst 0000       __end_of_TMR2_StartTimer 220C                    __accesstop 0060  
     __end_of__initialization 2200    __end_of_PWM2_LoadDutyValue 2184                 ___rparam_used 0001  
              __pcstackCOMRAM 0001         ?_PWM2_OutputStatusGet 0001              ?_TMR2_Initialize 0001  
                     _CCP2CON 3F7A                       _PPSLOCK 3ABF                  ??_TMR2_Start 0001  
            ?_TMR2_StartTimer 0001                       __Hparam 0000                       __Lparam 0000  
      ??_PWM2_OutputStatusGet 0001                       ___lldiv 20B0                  __psmallconst 2000  
          __end_of_TMR2_Start 2210                       __pcinit 21F8                       __ramtop 2000  
                     __ptext0 2002                       __ptext1 20B0                       __ptext2 2206  
                     __ptext3 220C                       __ptext4 2184                       __ptext5 21B0  
                     __ptext6 21E4                       __ptext7 2154                       __ptext8 21CC  
                   _T2CONbits 3FAC          end_of_initialization 2200               ___lldiv@divisor 0005  
             ___lldiv@counter 000D                     _PORTBbits 3FCB                     _TRISBbits 3FC3  
                 _CCP2CONbits 3F7A            _PWM2_LoadDutyValue 2154           start_initialization 21F8  
         ?_PWM2_LoadDutyValue 0001          ??_PWM2_LoadDutyValue 0003   PWM2_LoadDutyValue@dutyValue 0001  
                 __pbssCOMRAM 0010                      ?___lldiv 0001                   __smallconst 2000  
                    _T2CLKCON 3FAE             ??_PWM2_Initialize 0001                      _PIR4bits 39A4  
                   _pwmStatus 0012  __end_of_PWM_Output_D8_Enable 21CC             ??_TMR2_Initialize 0001  
                    __Hrparam 0000                      __Lrparam 0000                      _preScale 0013  
                    isa$xinst 0000             ??_TMR2_StartTimer 0001                   _OSCSTATbits 39DC  
            ___lldiv@dividend 0001                   _PPSLOCKbits 3ABF          _PWM_Output_D8_Enable 21B0  
            ___lldiv@quotient 0009               _PWM2_Initialize 21CC                    _TMR2_Start 220C  
