

Microchip MPLAB XC8 Assembler V2.46 build 20240104201356 
                                                                                               Thu Apr 18 11:43:22 2024

Microchip MPLAB XC8 C Compiler v2.46 (Free license) build 20240104201356 Og1 
     1                           	processor	18F47K42
     2                           	fnconf	rparam,??,?,0
     3                           	pagewidth 120
     4                           	opt	flic
     5                           	psect	cinit,global,reloc=2,class=CODE,delta=1
     6                           	psect	bssCOMRAM,global,class=COMRAM,space=1,delta=1,lowdata,noexec
     7                           	psect	cstackCOMRAM,global,class=COMRAM,space=1,delta=1,lowdata,noexec
     8                           	psect	text0,global,reloc=2,class=CODE,delta=1
     9                           	psect	text1,global,reloc=2,class=CODE,delta=1,group=1
    10                           	psect	text2,global,reloc=2,class=CODE,delta=1,group=1
    11                           	psect	text3,global,reloc=2,class=CODE,delta=1
    12                           	psect	smallconst,global,reloc=2,class=SMALLCONST,delta=1,noexec
    13                           	psect	intsave_regs,global,class=BIGRAM,space=1,delta=1,noexec
    14                           	psect	rparam,global,class=COMRAM,space=1,delta=1,noexec
    15                           	psect	config,global,abs,ovrld,class=CONFIG,space=4,delta=1,noexec
    16   000000                     
    17                           ; Generated 12/10/2023 GMT
    18                           ; 
    19                           ; Copyright © 2023, Microchip Technology Inc. and its subsidiaries ("Microchip")
    20                           ; All rights reserved.
    21                           ; 
    22                           ; This software is developed by Microchip Technology Inc. and its subsidiaries ("Microch
      +                          ip").
    23                           ; 
    24                           ; Redistribution and use in source and binary forms, with or without modification, are
    25                           ; permitted provided that the following conditions are met:
    26                           ; 
    27                           ;     1. Redistributions of source code must retain the above copyright notice, this lis
      +                          t of
    28                           ;        conditions and the following disclaimer.
    29                           ; 
    30                           ;     2. Redistributions in binary form must reproduce the above copyright notice, this 
      +                          list
    31                           ;        of conditions and the following disclaimer in the documentation and/or other
    32                           ;        materials provided with the distribution. Publication is not required when
    33                           ;        this file is used in an embedded application.
    34                           ; 
    35                           ;     3. Microchip's name may not be used to endorse or promote products derived from th
      +                          is
    36                           ;        software without specific prior written permission.
    37                           ; 
    38                           ; THIS SOFTWARE IS PROVIDED BY MICROCHIP "AS IS" AND ANY EXPRESS OR IMPLIED WARRANTIES,
    39                           ; INCLUDING, BUT NOT LIMITED TO, THE IMPLIED WARRANTIES OF MERCHANTABILITY AND FITNESS F
      +                          OR
    40                           ; PURPOSE ARE DISCLAIMED.  IN NO EVENT SHALL MICROCHIP BE LIABLE FOR ANY DIRECT, INDIREC
      +                          T,
    41                           ; INCIDENTAL, SPECIAL, EXEMPLARY, OR CONSEQUENTIAL DAMAGES (INCLUDING BUT NOT LIMITED TO
    42                           ; PROCUREMENT OF SUBSTITUTE GOODS OR SERVICES; LOSS OF USE, DATA OR PROFITS; OR BUSINESS
    43                           ; INTERRUPTION) HOWSOEVER CAUSED AND ON ANY THEORY OF LIABILITY, WHETHER IN CONTRACT, ST
      +                          RICT
    44                           ; LIABILITY, OR TORT (INCLUDING NEGLIGENCE OR OTHERWISE) ARISING IN ANY WAY OUT OF THE U
      +                          SE OF
    45                           ; THIS SOFTWARE, EVEN IF ADVISED OF THE POSSIBILITY OF SUCH DAMAGE.
    46                           ; 
    47                           ; 
    48                           ; Code-generator required, PIC18F47K42 Definitions
    49                           ; 
    50                           ; SFR Addresses
    51   000000                     _ADPREH	set	16119
    52   000000                     _ANSELAbits	set	14912
    53   000000                     _TRISAbits	set	16322
    54   000000                     _ANSELA	set	14912
    55   000000                     _ANSELD	set	14960
    56   000000                     _TRISD	set	16325
    57   000000                     _PORTA	set	16330
    58   000000                     _PORTD	set	16333
    59   000000                     _ADRESL	set	16111
    60   000000                     _ADRESH	set	16112
    61   000000                     _ADCON0bits	set	16120
    62   000000                     _LATA	set	16314
    63   000000                     _LATD	set	16317
    64   000000                     _TRISA	set	16322
    65   000000                     _ADCLK	set	16127
    66   000000                     _ADACQL	set	16115
    67   000000                     _ADPREL	set	16118
    68   000000                     _ADPCH	set	16113
    69   000000                     _ADACQH	set	16116
    70                           
    71                           ; #config settings
    72                           
    73                           	psect	cinit
    74   0026F0                     __pcinit:
    75                           	callstack 0
    76   0026F0                     start_initialization:
    77                           	callstack 0
    78   0026F0                     __initialization:
    79                           	callstack 0
    80                           
    81                           ; Clear objects allocated to COMRAM (16 bytes)
    82   0026F0  EE00  F02A         	lfsr	0,__pbssCOMRAM
    83   0026F4  0E10               	movlw	16
    84   0026F6                     clear_0:
    85   0026F6  6AEE               	clrf	postinc0,c
    86   0026F8  06E8               	decf	wreg,f,c
    87   0026FA  E1FD               	bnz	clear_0
    88   0026FC                     end_of_initialization:
    89                           	callstack 0
    90   0026FC                     __end_of__initialization:
    91                           	callstack 0
    92   0026FC  0100               	movlb	0
    93   0026FE  EF02  F013         	goto	_main	;jump to C main() function
    94                           
    95                           	psect	bssCOMRAM
    96   00002A                     __pbssCOMRAM:
    97                           	callstack 0
    98   00002A                     _data:
    99                           	callstack 0
   100   00002A                     	ds	10
   101   000034                     _voltage:
   102                           	callstack 0
   103   000034                     	ds	4
   104   000038                     _digital:
   105                           	callstack 0
   106   000038                     	ds	2
   107                           
   108                           	psect	cstackCOMRAM
   109   000001                     __pcstackCOMRAM:
   110                           	callstack 0
   111   000001                     ?___xxtofl:
   112                           	callstack 0
   113   000001                     ___xxtofl@val:
   114                           	callstack 0
   115                           
   116                           ; 4 bytes @ 0x0
   117   000001                     	ds	4
   118   000005                     ??___xxtofl:
   119                           
   120                           ; 1 bytes @ 0x4
   121   000005                     	ds	4
   122   000009                     ___xxtofl@sign:
   123                           	callstack 0
   124                           
   125                           ; 1 bytes @ 0x8
   126   000009                     	ds	1
   127   00000A                     ___xxtofl@exp:
   128                           	callstack 0
   129                           
   130                           ; 1 bytes @ 0x9
   131   00000A                     	ds	1
   132   00000B                     ___xxtofl@arg:
   133                           	callstack 0
   134                           
   135                           ; 4 bytes @ 0xA
   136   00000B                     	ds	4
   137   00000F                     ?___flmul:
   138                           	callstack 0
   139   00000F                     ___flmul@b:
   140                           	callstack 0
   141                           
   142                           ; 4 bytes @ 0xE
   143   00000F                     	ds	4
   144   000013                     ___flmul@a:
   145                           	callstack 0
   146                           
   147                           ; 4 bytes @ 0x12
   148   000013                     	ds	4
   149   000017                     ??___flmul:
   150                           
   151                           ; 1 bytes @ 0x16
   152   000017                     	ds	4
   153   00001B                     ___flmul@sign:
   154                           	callstack 0
   155                           
   156                           ; 1 bytes @ 0x1A
   157   00001B                     	ds	1
   158   00001C                     ___flmul@grs:
   159                           	callstack 0
   160                           
   161                           ; 4 bytes @ 0x1B
   162   00001C                     	ds	4
   163   000020                     ___flmul@aexp:
   164                           	callstack 0
   165                           
   166                           ; 1 bytes @ 0x1F
   167   000020                     	ds	1
   168   000021                     ___flmul@bexp:
   169                           	callstack 0
   170                           
   171                           ; 1 bytes @ 0x20
   172   000021                     	ds	1
   173   000022                     ___flmul@prod:
   174                           	callstack 0
   175                           
   176                           ; 4 bytes @ 0x21
   177   000022                     	ds	4
   178   000026                     ___flmul@temp:
   179                           	callstack 0
   180                           
   181                           ; 2 bytes @ 0x25
   182   000026                     	ds	2
   183   000028                     ??_main:
   184                           
   185                           ; 1 bytes @ 0x27
   186   000028                     	ds	2
   187                           
   188 ;;
   189 ;;Main: autosize = 0, tempsize = 2, incstack = 0, save=0
   190 ;;
   191 ;; *************** function _main *****************
   192 ;; Defined at:
   193 ;;		line 87 in file "main.c"
   194 ;; Parameters:    Size  Location     Type
   195 ;;		None
   196 ;; Auto vars:     Size  Location     Type
   197 ;;		None
   198 ;; Return value:  Size  Location     Type
   199 ;;                  1    wreg      void 
   200 ;; Registers used:
   201 ;;		wreg, status,2, status,0, prodl, prodh, cstack
   202 ;; Tracked objects:
   203 ;;		On entry : 0/0
   204 ;;		On exit  : 0/0
   205 ;;		Unchanged: 0/0
   206 ;; Data sizes:     COMRAM   BANK0   BANK1   BANK2   BANK3   BANK4   BANK5   BANK6   BANK7   BANK8   BANK9  BANK10  BANK1
      +1  BANK12  BANK13  BANK14  BANK15  BANK16  BANK17  BANK18  BANK19  BANK20  BANK21  BANK22  BANK23  BANK24  BANK25  BANK2
      +6  BANK27  BANK28  BANK29  BANK30  BANK31
   207 ;;      Params:         0       0       0       0       0       0       0       0       0       0       0       0       
      +0       0       0       0       0       0       0       0       0       0       0       0       0       0       0       
      +0       0       0       0       0       0
   208 ;;      Locals:         0       0       0       0       0       0       0       0       0       0       0       0       
      +0       0       0       0       0       0       0       0       0       0       0       0       0       0       0       
      +0       0       0       0       0       0
   209 ;;      Temps:          2       0       0       0       0       0       0       0       0       0       0       0       
      +0       0       0       0       0       0       0       0       0       0       0       0       0       0       0       
      +0       0       0       0       0       0
   210 ;;      Totals:         2       0       0       0       0       0       0       0       0       0       0       0       
      +0       0       0       0       0       0       0       0       0       0       0       0       0       0       0       
      +0       0       0       0       0       0
   211 ;;Total ram usage:        2 bytes
   212 ;; Hardware stack levels required when called: 1
   213 ;; This function calls:
   214 ;;		_ADC_Init
   215 ;;		___flmul
   216 ;;		___xxtofl
   217 ;; This function is called by:
   218 ;;		Startup code after reset
   219 ;; This function uses a non-reentrant model
   220 ;;
   221                           
   222                           	psect	text0
   223   002604                     __ptext0:
   224                           	callstack 0
   225   002604                     _main:
   226                           	callstack 30
   227   002604                     
   228                           ;main.c: 90:     TRISD = 0;
   229   002604  0E00               	movlw	0
   230   002606  6EC5               	movwf	197,c	;volatile
   231                           
   232                           ;main.c: 91:     ANSELD = 0;
   233   002608  0E00               	movlw	0
   234   00260A  013A               	movlb	58	; () banked
   235   00260C  6F70               	movwf	112,b	;volatile
   236                           
   237                           ;main.c: 92:     LATD = 0;
   238   00260E  0E00               	movlw	0
   239   002610  6EBD               	movwf	189,c	;volatile
   240                           
   241                           ;main.c: 93:     PORTD = 0;
   242   002612  0E00               	movlw	0
   243   002614  6ECD               	movwf	205,c	;volatile
   244                           
   245                           ;main.c: 95:     TRISA = 0;
   246   002616  0E00               	movlw	0
   247   002618  6EC2               	movwf	194,c	;volatile
   248                           
   249                           ;main.c: 96:     ANSELA = 0;
   250   00261A  0E00               	movlw	0
   251   00261C  6F40               	movwf	64,b	;volatile
   252                           
   253                           ;main.c: 97:     LATA = 0;
   254   00261E  0E00               	movlw	0
   255   002620  6EBA               	movwf	186,c	;volatile
   256                           
   257                           ;main.c: 98:     PORTA = 0;
   258   002622  0E00               	movlw	0
   259   002624  6ECA               	movwf	202,c	;volatile
   260   002626                     
   261                           ; BSR set to: 58
   262                           ;main.c: 99:     ADC_Init();
   263   002626  EC5C  F013         	call	_ADC_Init	;wreg free
   264   00262A                     l1116:
   265                           
   266                           ;main.c: 102:         ADCON0bits.GO = 1;
   267   00262A  013E               	movlb	62	; () banked
   268   00262C  81F8               	bsf	248,0,b	;volatile
   269   00262E                     l52:
   270                           
   271                           ; BSR set to: 62
   272   00262E  B1F8               	btfsc	248,0,b	;volatile
   273   002630  EF1C  F013         	goto	u601
   274   002634  EF1E  F013         	goto	u600
   275   002638                     u601:
   276   002638  EF17  F013         	goto	l52
   277   00263C                     u600:
   278   00263C                     
   279                           ; BSR set to: 62
   280                           ;main.c: 105:         digital = (ADRESH*256) | (ADRESL);
   281   00263C  51EF               	movf	239,w,b	;volatile
   282   00263E  006F FBC0  F028    	movff	16112,??_main	;volatile
   283   002644  6A29               	clrf	(??_main+1)^0,c
   284   002646  C028  F029         	movff	??_main,??_main+1
   285   00264A  6A28               	clrf	??_main^0,c
   286   00264C  1028               	iorwf	??_main^0,w,c
   287   00264E  6E38               	movwf	_digital^0,c
   288   002650  5029               	movf	(??_main+1)^0,w,c
   289   002652  6E39               	movwf	(_digital+1)^0,c
   290   002654                     
   291                           ; BSR set to: 62
   292                           ;main.c: 107:         voltage = (float)digital * ((float)3.3/4096);
   293   002654  C038  F001         	movff	_digital,___xxtofl@val
   294   002658  C039  F002         	movff	_digital+1,___xxtofl@val+1
   295   00265C  0E00               	movlw	0
   296   00265E  BE02               	btfsc	(___xxtofl@val+1)^0,7,c
   297   002660  0EFF               	movlw	-1
   298   002662  6E03               	movwf	(___xxtofl@val+2)^0,c
   299   002664  6E04               	movwf	(___xxtofl@val+3)^0,c
   300   002666  0E01               	movlw	1
   301   002668  EC28  F012         	call	___xxtofl
   302   00266C  C001  F00F         	movff	?___xxtofl,___flmul@b
   303   002670  C002  F010         	movff	?___xxtofl+1,___flmul@b+1
   304   002674  C003  F011         	movff	?___xxtofl+2,___flmul@b+2
   305   002678  C004  F012         	movff	?___xxtofl+3,___flmul@b+3
   306   00267C  0E33               	movlw	51
   307   00267E  6E13               	movwf	___flmul@a^0,c
   308   002680  0E33               	movlw	51
   309   002682  6E14               	movwf	(___flmul@a+1)^0,c
   310   002684  0E53               	movlw	83
   311   002686  6E15               	movwf	(___flmul@a+2)^0,c
   312   002688  0E3A               	movlw	58
   313   00268A  6E16               	movwf	(___flmul@a+3)^0,c
   314   00268C  EC01  F010         	call	___flmul	;wreg free
   315   002690  C00F  F034         	movff	?___flmul,_voltage
   316   002694  C010  F035         	movff	?___flmul+1,_voltage+1
   317   002698  C011  F036         	movff	?___flmul+2,_voltage+2
   318   00269C  C012  F037         	movff	?___flmul+3,_voltage+3
   319   0026A0                     
   320                           ;main.c: 110:         PORTD = ADRESL;
   321   0026A0  006F FBBF FFCD     	movff	16111,16333	;volatile
   322   0026A6                     
   323                           ;main.c: 111:         PORTA = ADRESH << 2;
   324   0026A6  013E               	movlb	62	; () banked
   325   0026A8  45F0               	rlncf	240,w,b	;volatile
   326   0026AA  46E8               	rlncf	wreg,f,c
   327   0026AC  0BFC               	andlw	252
   328   0026AE  6ECA               	movwf	202,c	;volatile
   329   0026B0  EF15  F013         	goto	l1116
   330   0026B4  EFFE  F0FF         	goto	start
   331   0026B8                     __end_of_main:
   332                           	callstack 0
   333                           
   334 ;; *************** function ___xxtofl *****************
   335 ;; Defined at:
   336 ;;		line 10 in file "C:\Program Files\Microchip\xc8\v2.46\pic\sources\c99\common\xxtofl.c"
   337 ;; Parameters:    Size  Location     Type
   338 ;;  sign            1    wreg     unsigned char 
   339 ;;  val             4    0[COMRAM] long 
   340 ;; Auto vars:     Size  Location     Type
   341 ;;  sign            1    8[COMRAM] unsigned char 
   342 ;;  arg             4   10[COMRAM] unsigned long 
   343 ;;  exp             1    9[COMRAM] unsigned char 
   344 ;; Return value:  Size  Location     Type
   345 ;;                  4    0[COMRAM] unsigned char 
   346 ;; Registers used:
   347 ;;		wreg, status,2, status,0
   348 ;; Tracked objects:
   349 ;;		On entry : 0/0
   350 ;;		On exit  : 0/0
   351 ;;		Unchanged: 0/0
   352 ;; Data sizes:     COMRAM   BANK0   BANK1   BANK2   BANK3   BANK4   BANK5   BANK6   BANK7   BANK8   BANK9  BANK10  BANK1
      +1  BANK12  BANK13  BANK14  BANK15  BANK16  BANK17  BANK18  BANK19  BANK20  BANK21  BANK22  BANK23  BANK24  BANK25  BANK2
      +6  BANK27  BANK28  BANK29  BANK30  BANK31
   353 ;;      Params:         4       0       0       0       0       0       0       0       0       0       0       0       
      +0       0       0       0       0       0       0       0       0       0       0       0       0       0       0       
      +0       0       0       0       0       0
   354 ;;      Locals:         6       0       0       0       0       0       0       0       0       0       0       0       
      +0       0       0       0       0       0       0       0       0       0       0       0       0       0       0       
      +0       0       0       0       0       0
   355 ;;      Temps:          4       0       0       0       0       0       0       0       0       0       0       0       
      +0       0       0       0       0       0       0       0       0       0       0       0       0       0       0       
      +0       0       0       0       0       0
   356 ;;      Totals:        14       0       0       0       0       0       0       0       0       0       0       0       
      +0       0       0       0       0       0       0       0       0       0       0       0       0       0       0       
      +0       0       0       0       0       0
   357 ;;Total ram usage:       14 bytes
   358 ;; Hardware stack levels used: 1
   359 ;; This function calls:
   360 ;;		Nothing
   361 ;; This function is called by:
   362 ;;		_main
   363 ;; This function uses a non-reentrant model
   364 ;;
   365                           
   366                           	psect	text1
   367   002450                     __ptext1:
   368                           	callstack 0
   369   002450                     ___xxtofl:
   370                           	callstack 30
   371                           
   372                           ; BSR set to: 62
   373                           ;incstack = 0
   374                           ;___xxtofl@sign stored from wreg
   375   002450  6E09               	movwf	___xxtofl@sign^0,c
   376   002452  5009               	movf	___xxtofl@sign^0,w,c
   377   002454  B4D8               	btfsc	status,2,c
   378   002456  EF2F  F012         	goto	u501
   379   00245A  EF31  F012         	goto	u500
   380   00245E                     u501:
   381   00245E  EF53  F012         	goto	l718
   382   002462                     u500:
   383   002462  BE04               	btfsc	(___xxtofl@val+3)^0,7,c
   384   002464  EF38  F012         	goto	u510
   385   002468  EF36  F012         	goto	u511
   386   00246C                     u511:
   387   00246C  EF53  F012         	goto	l718
   388   002470                     u510:
   389   002470  C001  F005         	movff	___xxtofl@val,??___xxtofl
   390   002474  C002  F006         	movff	___xxtofl@val+1,??___xxtofl+1
   391   002478  C003  F007         	movff	___xxtofl@val+2,??___xxtofl+2
   392   00247C  C004  F008         	movff	___xxtofl@val+3,??___xxtofl+3
   393   002480  1E05               	comf	??___xxtofl^0,f,c
   394   002482  1E06               	comf	(??___xxtofl+1)^0,f,c
   395   002484  1E07               	comf	(??___xxtofl+2)^0,f,c
   396   002486  1E08               	comf	(??___xxtofl+3)^0,f,c
   397   002488  2A05               	incf	??___xxtofl^0,f,c
   398   00248A  0E00               	movlw	0
   399   00248C  2206               	addwfc	(??___xxtofl+1)^0,f,c
   400   00248E  2207               	addwfc	(??___xxtofl+2)^0,f,c
   401   002490  2208               	addwfc	(??___xxtofl+3)^0,f,c
   402   002492  C005  F00B         	movff	??___xxtofl,___xxtofl@arg
   403   002496  C006  F00C         	movff	??___xxtofl+1,___xxtofl@arg+1
   404   00249A  C007  F00D         	movff	??___xxtofl+2,___xxtofl@arg+2
   405   00249E  C008  F00E         	movff	??___xxtofl+3,___xxtofl@arg+3
   406   0024A2  EF5B  F012         	goto	l1072
   407   0024A6                     l718:
   408   0024A6  C001  F00B         	movff	___xxtofl@val,___xxtofl@arg
   409   0024AA  C002  F00C         	movff	___xxtofl@val+1,___xxtofl@arg+1
   410   0024AE  C003  F00D         	movff	___xxtofl@val+2,___xxtofl@arg+2
   411   0024B2  C004  F00E         	movff	___xxtofl@val+3,___xxtofl@arg+3
   412   0024B6                     l1072:
   413   0024B6  5001               	movf	___xxtofl@val^0,w,c
   414   0024B8  1002               	iorwf	(___xxtofl@val+1)^0,w,c
   415   0024BA  1003               	iorwf	(___xxtofl@val+2)^0,w,c
   416   0024BC  1004               	iorwf	(___xxtofl@val+3)^0,w,c
   417   0024BE  A4D8               	btfss	status,2,c
   418   0024C0  EF64  F012         	goto	u521
   419   0024C4  EF66  F012         	goto	u520
   420   0024C8                     u521:
   421   0024C8  EF70  F012         	goto	l1078
   422   0024CC                     u520:
   423   0024CC  0E00               	movlw	0
   424   0024CE  6E01               	movwf	?___xxtofl^0,c
   425   0024D0  0E00               	movlw	0
   426   0024D2  6E02               	movwf	(?___xxtofl+1)^0,c
   427   0024D4  0E00               	movlw	0
   428   0024D6  6E03               	movwf	(?___xxtofl+2)^0,c
   429   0024D8  0E00               	movlw	0
   430   0024DA  6E04               	movwf	(?___xxtofl+3)^0,c
   431   0024DC  EF01  F013         	goto	l721
   432   0024E0                     l1078:
   433   0024E0  0E96               	movlw	150
   434   0024E2  6E0A               	movwf	___xxtofl@exp^0,c
   435   0024E4  EF7A  F012         	goto	l1082
   436   0024E8                     l1080:
   437   0024E8  2A0A               	incf	___xxtofl@exp^0,f,c
   438   0024EA  90D8               	bcf	status,0,c
   439   0024EC  320E               	rrcf	(___xxtofl@arg+3)^0,f,c
   440   0024EE  320D               	rrcf	(___xxtofl@arg+2)^0,f,c
   441   0024F0  320C               	rrcf	(___xxtofl@arg+1)^0,f,c
   442   0024F2  320B               	rrcf	___xxtofl@arg^0,f,c
   443   0024F4                     l1082:
   444   0024F4  0E00               	movlw	0
   445   0024F6  140B               	andwf	___xxtofl@arg^0,w,c
   446   0024F8  6E05               	movwf	??___xxtofl^0,c
   447   0024FA  0E00               	movlw	0
   448   0024FC  140C               	andwf	(___xxtofl@arg+1)^0,w,c
   449   0024FE  6E06               	movwf	(??___xxtofl+1)^0,c
   450   002500  0E00               	movlw	0
   451   002502  140D               	andwf	(___xxtofl@arg+2)^0,w,c
   452   002504  6E07               	movwf	(??___xxtofl+2)^0,c
   453   002506  0EFE               	movlw	254
   454   002508  140E               	andwf	(___xxtofl@arg+3)^0,w,c
   455   00250A  6E08               	movwf	(??___xxtofl+3)^0,c
   456   00250C  5005               	movf	??___xxtofl^0,w,c
   457   00250E  1006               	iorwf	(??___xxtofl+1)^0,w,c
   458   002510  1007               	iorwf	(??___xxtofl+2)^0,w,c
   459   002512  1008               	iorwf	(??___xxtofl+3)^0,w,c
   460   002514  A4D8               	btfss	status,2,c
   461   002516  EF8F  F012         	goto	u531
   462   00251A  EF91  F012         	goto	u530
   463   00251E                     u531:
   464   00251E  EF74  F012         	goto	l1080
   465   002522                     u530:
   466   002522  EF9F  F012         	goto	l725
   467   002526                     l1084:
   468   002526  2A0A               	incf	___xxtofl@exp^0,f,c
   469   002528  0E01               	movlw	1
   470   00252A  260B               	addwf	___xxtofl@arg^0,f,c
   471   00252C  0E00               	movlw	0
   472   00252E  220C               	addwfc	(___xxtofl@arg+1)^0,f,c
   473   002530  220D               	addwfc	(___xxtofl@arg+2)^0,f,c
   474   002532  220E               	addwfc	(___xxtofl@arg+3)^0,f,c
   475   002534  90D8               	bcf	status,0,c
   476   002536  320E               	rrcf	(___xxtofl@arg+3)^0,f,c
   477   002538  320D               	rrcf	(___xxtofl@arg+2)^0,f,c
   478   00253A  320C               	rrcf	(___xxtofl@arg+1)^0,f,c
   479   00253C  320B               	rrcf	___xxtofl@arg^0,f,c
   480   00253E                     l725:
   481   00253E  0E00               	movlw	0
   482   002540  140B               	andwf	___xxtofl@arg^0,w,c
   483   002542  6E05               	movwf	??___xxtofl^0,c
   484   002544  0E00               	movlw	0
   485   002546  140C               	andwf	(___xxtofl@arg+1)^0,w,c
   486   002548  6E06               	movwf	(??___xxtofl+1)^0,c
   487   00254A  0E00               	movlw	0
   488   00254C  140D               	andwf	(___xxtofl@arg+2)^0,w,c
   489   00254E  6E07               	movwf	(??___xxtofl+2)^0,c
   490   002550  0EFF               	movlw	255
   491   002552  140E               	andwf	(___xxtofl@arg+3)^0,w,c
   492   002554  6E08               	movwf	(??___xxtofl+3)^0,c
   493   002556  5005               	movf	??___xxtofl^0,w,c
   494   002558  1006               	iorwf	(??___xxtofl+1)^0,w,c
   495   00255A  1007               	iorwf	(??___xxtofl+2)^0,w,c
   496   00255C  1008               	iorwf	(??___xxtofl+3)^0,w,c
   497   00255E  A4D8               	btfss	status,2,c
   498   002560  EFB4  F012         	goto	u541
   499   002564  EFB6  F012         	goto	u540
   500   002568                     u541:
   501   002568  EF93  F012         	goto	l1084
   502   00256C                     u540:
   503   00256C  EFBE  F012         	goto	l1092
   504   002570                     l1090:
   505   002570  060A               	decf	___xxtofl@exp^0,f,c
   506   002572  90D8               	bcf	status,0,c
   507   002574  360B               	rlcf	___xxtofl@arg^0,f,c
   508   002576  360C               	rlcf	(___xxtofl@arg+1)^0,f,c
   509   002578  360D               	rlcf	(___xxtofl@arg+2)^0,f,c
   510   00257A  360E               	rlcf	(___xxtofl@arg+3)^0,f,c
   511   00257C                     l1092:
   512   00257C  BE0D               	btfsc	(___xxtofl@arg+2)^0,7,c
   513   00257E  EFC3  F012         	goto	u551
   514   002582  EFC5  F012         	goto	u550
   515   002586                     u551:
   516   002586  EFCD  F012         	goto	l732
   517   00258A                     u550:
   518   00258A  0E02               	movlw	2
   519   00258C  600A               	cpfslt	___xxtofl@exp^0,c
   520   00258E  EFCB  F012         	goto	u561
   521   002592  EFCD  F012         	goto	u560
   522   002596                     u561:
   523   002596  EFB8  F012         	goto	l1090
   524   00259A                     u560:
   525   00259A                     l732:
   526   00259A  B00A               	btfsc	___xxtofl@exp^0,0,c
   527   00259C  EFD2  F012         	goto	u571
   528   0025A0  EFD4  F012         	goto	u570
   529   0025A4                     u571:
   530   0025A4  EFD5  F012         	goto	l1098
   531   0025A8                     u570:
   532   0025A8  9E0D               	bcf	(___xxtofl@arg+2)^0,7,c
   533   0025AA                     l1098:
   534   0025AA  90D8               	bcf	status,0,c
   535   0025AC  320A               	rrcf	___xxtofl@exp^0,f,c
   536   0025AE  C00A  F005         	movff	___xxtofl@exp,??___xxtofl
   537   0025B2  6A06               	clrf	(??___xxtofl+1)^0,c
   538   0025B4  6A07               	clrf	(??___xxtofl+2)^0,c
   539   0025B6  6A08               	clrf	(??___xxtofl+3)^0,c
   540   0025B8  C005  F008         	movff	??___xxtofl,??___xxtofl+3
   541   0025BC  6A07               	clrf	(??___xxtofl+2)^0,c
   542   0025BE  6A06               	clrf	(??___xxtofl+1)^0,c
   543   0025C0  6A05               	clrf	??___xxtofl^0,c
   544   0025C2  5005               	movf	??___xxtofl^0,w,c
   545   0025C4  120B               	iorwf	___xxtofl@arg^0,f,c
   546   0025C6  5006               	movf	(??___xxtofl+1)^0,w,c
   547   0025C8  120C               	iorwf	(___xxtofl@arg+1)^0,f,c
   548   0025CA  5007               	movf	(??___xxtofl+2)^0,w,c
   549   0025CC  120D               	iorwf	(___xxtofl@arg+2)^0,f,c
   550   0025CE  5008               	movf	(??___xxtofl+3)^0,w,c
   551   0025D0  120E               	iorwf	(___xxtofl@arg+3)^0,f,c
   552   0025D2  5009               	movf	___xxtofl@sign^0,w,c
   553   0025D4  B4D8               	btfsc	status,2,c
   554   0025D6  EFEF  F012         	goto	u581
   555   0025DA  EFF1  F012         	goto	u580
   556   0025DE                     u581:
   557   0025DE  EFF9  F012         	goto	l1108
   558   0025E2                     u580:
   559   0025E2  BE04               	btfsc	(___xxtofl@val+3)^0,7,c
   560   0025E4  EFF8  F012         	goto	u590
   561   0025E8  EFF6  F012         	goto	u591
   562   0025EC                     u591:
   563   0025EC  EFF9  F012         	goto	l1108
   564   0025F0                     u590:
   565   0025F0  8E0E               	bsf	(___xxtofl@arg+3)^0,7,c
   566   0025F2                     l1108:
   567   0025F2  C00B  F001         	movff	___xxtofl@arg,?___xxtofl
   568   0025F6  C00C  F002         	movff	___xxtofl@arg+1,?___xxtofl+1
   569   0025FA  C00D  F003         	movff	___xxtofl@arg+2,?___xxtofl+2
   570   0025FE  C00E  F004         	movff	___xxtofl@arg+3,?___xxtofl+3
   571   002602                     l721:
   572   002602  0012               	return		;funcret
   573   002604                     __end_of___xxtofl:
   574                           	callstack 0
   575                           
   576 ;; *************** function ___flmul *****************
   577 ;; Defined at:
   578 ;;		line 8 in file "C:\Program Files\Microchip\xc8\v2.46\pic\sources\c99\common\sprcmul.c"
   579 ;; Parameters:    Size  Location     Type
   580 ;;  b               4   14[COMRAM] unsigned char 
   581 ;;  a               4   18[COMRAM] unsigned char 
   582 ;; Auto vars:     Size  Location     Type
   583 ;;  prod            4   33[COMRAM] struct .
   584 ;;  grs             4   27[COMRAM] unsigned long 
   585 ;;  temp            2   37[COMRAM] struct .
   586 ;;  bexp            1   32[COMRAM] unsigned char 
   587 ;;  aexp            1   31[COMRAM] unsigned char 
   588 ;;  sign            1   26[COMRAM] unsigned char 
   589 ;; Return value:  Size  Location     Type
   590 ;;                  4   14[COMRAM] unsigned char 
   591 ;; Registers used:
   592 ;;		wreg, status,2, status,0, prodl, prodh
   593 ;; Tracked objects:
   594 ;;		On entry : 0/0
   595 ;;		On exit  : 0/0
   596 ;;		Unchanged: 0/0
   597 ;; Data sizes:     COMRAM   BANK0   BANK1   BANK2   BANK3   BANK4   BANK5   BANK6   BANK7   BANK8   BANK9  BANK10  BANK1
      +1  BANK12  BANK13  BANK14  BANK15  BANK16  BANK17  BANK18  BANK19  BANK20  BANK21  BANK22  BANK23  BANK24  BANK25  BANK2
      +6  BANK27  BANK28  BANK29  BANK30  BANK31
   598 ;;      Params:         8       0       0       0       0       0       0       0       0       0       0       0       
      +0       0       0       0       0       0       0       0       0       0       0       0       0       0       0       
      +0       0       0       0       0       0
   599 ;;      Locals:        13       0       0       0       0       0       0       0       0       0       0       0       
      +0       0       0       0       0       0       0       0       0       0       0       0       0       0       0       
      +0       0       0       0       0       0
   600 ;;      Temps:          4       0       0       0       0       0       0       0       0       0       0       0       
      +0       0       0       0       0       0       0       0       0       0       0       0       0       0       0       
      +0       0       0       0       0       0
   601 ;;      Totals:        25       0       0       0       0       0       0       0       0       0       0       0       
      +0       0       0       0       0       0       0       0       0       0       0       0       0       0       0       
      +0       0       0       0       0       0
   602 ;;Total ram usage:       25 bytes
   603 ;; Hardware stack levels used: 1
   604 ;; This function calls:
   605 ;;		Nothing
   606 ;; This function is called by:
   607 ;;		_main
   608 ;; This function uses a non-reentrant model
   609 ;;
   610                           
   611                           	psect	text2
   612   002002                     __ptext2:
   613                           	callstack 0
   614   002002                     ___flmul:
   615                           	callstack 30
   616   002002  5012               	movf	(___flmul@b+3)^0,w,c
   617   002004  0B80               	andlw	128
   618   002006  6E1B               	movwf	___flmul@sign^0,c
   619   002008  5012               	movf	(___flmul@b+3)^0,w,c
   620   00200A  2412               	addwf	(___flmul@b+3)^0,w,c
   621   00200C  6E21               	movwf	___flmul@bexp^0,c
   622   00200E  AE11               	btfss	(___flmul@b+2)^0,7,c
   623   002010  EF0C  F010         	goto	u311
   624   002014  EF0E  F010         	goto	u310
   625   002018                     u311:
   626   002018  EF0F  F010         	goto	l942
   627   00201C                     u310:
   628   00201C  8021               	bsf	___flmul@bexp^0,0,c
   629   00201E                     l942:
   630   00201E  5021               	movf	___flmul@bexp^0,w,c
   631   002020  B4D8               	btfsc	status,2,c
   632   002022  EF15  F010         	goto	u321
   633   002026  EF17  F010         	goto	u320
   634   00202A                     u321:
   635   00202A  EF2A  F010         	goto	l950
   636   00202E                     u320:
   637   00202E  2821               	incf	___flmul@bexp^0,w,c
   638   002030  A4D8               	btfss	status,2,c
   639   002032  EF1D  F010         	goto	u331
   640   002036  EF1F  F010         	goto	u330
   641   00203A                     u331:
   642   00203A  EF27  F010         	goto	l948
   643   00203E                     u330:
   644   00203E  0E00               	movlw	0
   645   002040  6E0F               	movwf	___flmul@b^0,c
   646   002042  0E00               	movlw	0
   647   002044  6E10               	movwf	(___flmul@b+1)^0,c
   648   002046  0E00               	movlw	0
   649   002048  6E11               	movwf	(___flmul@b+2)^0,c
   650   00204A  0E00               	movlw	0
   651   00204C  6E12               	movwf	(___flmul@b+3)^0,c
   652   00204E                     l948:
   653   00204E  8E11               	bsf	(___flmul@b+2)^0,7,c
   654   002050  EF32  F010         	goto	l952
   655   002054                     l950:
   656   002054  0E00               	movlw	0
   657   002056  6E0F               	movwf	___flmul@b^0,c
   658   002058  0E00               	movlw	0
   659   00205A  6E10               	movwf	(___flmul@b+1)^0,c
   660   00205C  0E00               	movlw	0
   661   00205E  6E11               	movwf	(___flmul@b+2)^0,c
   662   002060  0E00               	movlw	0
   663   002062  6E12               	movwf	(___flmul@b+3)^0,c
   664   002064                     l952:
   665   002064  5016               	movf	(___flmul@a+3)^0,w,c
   666   002066  0B80               	andlw	128
   667   002068  1A1B               	xorwf	___flmul@sign^0,f,c
   668   00206A  5016               	movf	(___flmul@a+3)^0,w,c
   669   00206C  2416               	addwf	(___flmul@a+3)^0,w,c
   670   00206E  6E20               	movwf	___flmul@aexp^0,c
   671   002070  AE15               	btfss	(___flmul@a+2)^0,7,c
   672   002072  EF3D  F010         	goto	u341
   673   002076  EF3F  F010         	goto	u340
   674   00207A                     u341:
   675   00207A  EF40  F010         	goto	l960
   676   00207E                     u340:
   677   00207E  8020               	bsf	___flmul@aexp^0,0,c
   678   002080                     l960:
   679   002080  5020               	movf	___flmul@aexp^0,w,c
   680   002082  B4D8               	btfsc	status,2,c
   681   002084  EF46  F010         	goto	u351
   682   002088  EF48  F010         	goto	u350
   683   00208C                     u351:
   684   00208C  EF5B  F010         	goto	l968
   685   002090                     u350:
   686   002090  2820               	incf	___flmul@aexp^0,w,c
   687   002092  A4D8               	btfss	status,2,c
   688   002094  EF4E  F010         	goto	u361
   689   002098  EF50  F010         	goto	u360
   690   00209C                     u361:
   691   00209C  EF58  F010         	goto	l966
   692   0020A0                     u360:
   693   0020A0  0E00               	movlw	0
   694   0020A2  6E13               	movwf	___flmul@a^0,c
   695   0020A4  0E00               	movlw	0
   696   0020A6  6E14               	movwf	(___flmul@a+1)^0,c
   697   0020A8  0E00               	movlw	0
   698   0020AA  6E15               	movwf	(___flmul@a+2)^0,c
   699   0020AC  0E00               	movlw	0
   700   0020AE  6E16               	movwf	(___flmul@a+3)^0,c
   701   0020B0                     l966:
   702   0020B0  8E15               	bsf	(___flmul@a+2)^0,7,c
   703   0020B2  EF63  F010         	goto	l677
   704   0020B6                     l968:
   705   0020B6  0E00               	movlw	0
   706   0020B8  6E13               	movwf	___flmul@a^0,c
   707   0020BA  0E00               	movlw	0
   708   0020BC  6E14               	movwf	(___flmul@a+1)^0,c
   709   0020BE  0E00               	movlw	0
   710   0020C0  6E15               	movwf	(___flmul@a+2)^0,c
   711   0020C2  0E00               	movlw	0
   712   0020C4  6E16               	movwf	(___flmul@a+3)^0,c
   713   0020C6                     l677:
   714   0020C6  5020               	movf	___flmul@aexp^0,w,c
   715   0020C8  B4D8               	btfsc	status,2,c
   716   0020CA  EF69  F010         	goto	u371
   717   0020CE  EF6B  F010         	goto	u370
   718   0020D2                     u371:
   719   0020D2  EF73  F010         	goto	l972
   720   0020D6                     u370:
   721   0020D6  5021               	movf	___flmul@bexp^0,w,c
   722   0020D8  A4D8               	btfss	status,2,c
   723   0020DA  EF71  F010         	goto	u381
   724   0020DE  EF73  F010         	goto	u380
   725   0020E2                     u381:
   726   0020E2  EF7D  F010         	goto	l976
   727   0020E6                     u380:
   728   0020E6                     l972:
   729   0020E6  0E00               	movlw	0
   730   0020E8  6E0F               	movwf	?___flmul^0,c
   731   0020EA  0E00               	movlw	0
   732   0020EC  6E10               	movwf	(?___flmul+1)^0,c
   733   0020EE  0E00               	movlw	0
   734   0020F0  6E11               	movwf	(?___flmul+2)^0,c
   735   0020F2  0E00               	movlw	0
   736   0020F4  6E12               	movwf	(?___flmul+3)^0,c
   737   0020F6  EF27  F012         	goto	l681
   738   0020FA                     l976:
   739   0020FA  5015               	movf	(___flmul@a+2)^0,w,c
   740   0020FC  020F               	mulwf	___flmul@b^0,c
   741   0020FE  006F FFCC  F026    	movff	prodl,___flmul@temp
   742   002104  006F FFD0  F027    	movff	prodh,___flmul@temp+1
   743   00210A  5026               	movf	___flmul@temp^0,w,c
   744   00210C  6E1C               	movwf	___flmul@grs^0,c
   745   00210E  6A1D               	clrf	(___flmul@grs+1)^0,c
   746   002110  6A1E               	clrf	(___flmul@grs+2)^0,c
   747   002112  6A1F               	clrf	(___flmul@grs+3)^0,c
   748   002114  5027               	movf	(___flmul@temp+1)^0,w,c
   749   002116  6E22               	movwf	___flmul@prod^0,c
   750   002118  6A23               	clrf	(___flmul@prod+1)^0,c
   751   00211A  6A24               	clrf	(___flmul@prod+2)^0,c
   752   00211C  6A25               	clrf	(___flmul@prod+3)^0,c
   753   00211E  5014               	movf	(___flmul@a+1)^0,w,c
   754   002120  0210               	mulwf	(___flmul@b+1)^0,c
   755   002122  006F FFCC  F026    	movff	prodl,___flmul@temp
   756   002128  006F FFD0  F027    	movff	prodh,___flmul@temp+1
   757   00212E  5026               	movf	___flmul@temp^0,w,c
   758   002130  261C               	addwf	___flmul@grs^0,f,c
   759   002132  0E00               	movlw	0
   760   002134  221D               	addwfc	(___flmul@grs+1)^0,f,c
   761   002136  221E               	addwfc	(___flmul@grs+2)^0,f,c
   762   002138  221F               	addwfc	(___flmul@grs+3)^0,f,c
   763   00213A  5027               	movf	(___flmul@temp+1)^0,w,c
   764   00213C  2622               	addwf	___flmul@prod^0,f,c
   765   00213E  0E00               	movlw	0
   766   002140  2223               	addwfc	(___flmul@prod+1)^0,f,c
   767   002142  2224               	addwfc	(___flmul@prod+2)^0,f,c
   768   002144  2225               	addwfc	(___flmul@prod+3)^0,f,c
   769   002146  5013               	movf	___flmul@a^0,w,c
   770   002148  0211               	mulwf	(___flmul@b+2)^0,c
   771   00214A  006F FFCC  F026    	movff	prodl,___flmul@temp
   772   002150  006F FFD0  F027    	movff	prodh,___flmul@temp+1
   773   002156  5026               	movf	___flmul@temp^0,w,c
   774   002158  261C               	addwf	___flmul@grs^0,f,c
   775   00215A  0E00               	movlw	0
   776   00215C  221D               	addwfc	(___flmul@grs+1)^0,f,c
   777   00215E  221E               	addwfc	(___flmul@grs+2)^0,f,c
   778   002160  221F               	addwfc	(___flmul@grs+3)^0,f,c
   779   002162  5027               	movf	(___flmul@temp+1)^0,w,c
   780   002164  2622               	addwf	___flmul@prod^0,f,c
   781   002166  0E00               	movlw	0
   782   002168  2223               	addwfc	(___flmul@prod+1)^0,f,c
   783   00216A  2224               	addwfc	(___flmul@prod+2)^0,f,c
   784   00216C  2225               	addwfc	(___flmul@prod+3)^0,f,c
   785   00216E  C01E  F01F         	movff	___flmul@grs+2,___flmul@grs+3
   786   002172  C01D  F01E         	movff	___flmul@grs+1,___flmul@grs+2
   787   002176  C01C  F01D         	movff	___flmul@grs,___flmul@grs+1
   788   00217A  6A1C               	clrf	___flmul@grs^0,c
   789   00217C  5013               	movf	___flmul@a^0,w,c
   790   00217E  0210               	mulwf	(___flmul@b+1)^0,c
   791   002180  006F FFCC  F026    	movff	prodl,___flmul@temp
   792   002186  006F FFD0  F027    	movff	prodh,___flmul@temp+1
   793   00218C  5026               	movf	___flmul@temp^0,w,c
   794   00218E  261C               	addwf	___flmul@grs^0,f,c
   795   002190  5027               	movf	(___flmul@temp+1)^0,w,c
   796   002192  221D               	addwfc	(___flmul@grs+1)^0,f,c
   797   002194  0E00               	movlw	0
   798   002196  221E               	addwfc	(___flmul@grs+2)^0,f,c
   799   002198  0E00               	movlw	0
   800   00219A  221F               	addwfc	(___flmul@grs+3)^0,f,c
   801   00219C  5014               	movf	(___flmul@a+1)^0,w,c
   802   00219E  020F               	mulwf	___flmul@b^0,c
   803   0021A0  006F FFCC  F026    	movff	prodl,___flmul@temp
   804   0021A6  006F FFD0  F027    	movff	prodh,___flmul@temp+1
   805   0021AC  5026               	movf	___flmul@temp^0,w,c
   806   0021AE  261C               	addwf	___flmul@grs^0,f,c
   807   0021B0  5027               	movf	(___flmul@temp+1)^0,w,c
   808   0021B2  221D               	addwfc	(___flmul@grs+1)^0,f,c
   809   0021B4  0E00               	movlw	0
   810   0021B6  221E               	addwfc	(___flmul@grs+2)^0,f,c
   811   0021B8  0E00               	movlw	0
   812   0021BA  221F               	addwfc	(___flmul@grs+3)^0,f,c
   813   0021BC  C01E  F01F         	movff	___flmul@grs+2,___flmul@grs+3
   814   0021C0  C01D  F01E         	movff	___flmul@grs+1,___flmul@grs+2
   815   0021C4  C01C  F01D         	movff	___flmul@grs,___flmul@grs+1
   816   0021C8  6A1C               	clrf	___flmul@grs^0,c
   817   0021CA  5013               	movf	___flmul@a^0,w,c
   818   0021CC  020F               	mulwf	___flmul@b^0,c
   819   0021CE  006F FFCC  F026    	movff	prodl,___flmul@temp
   820   0021D4  006F FFD0  F027    	movff	prodh,___flmul@temp+1
   821   0021DA  5026               	movf	___flmul@temp^0,w,c
   822   0021DC  261C               	addwf	___flmul@grs^0,f,c
   823   0021DE  5027               	movf	(___flmul@temp+1)^0,w,c
   824   0021E0  221D               	addwfc	(___flmul@grs+1)^0,f,c
   825   0021E2  0E00               	movlw	0
   826   0021E4  221E               	addwfc	(___flmul@grs+2)^0,f,c
   827   0021E6  0E00               	movlw	0
   828   0021E8  221F               	addwfc	(___flmul@grs+3)^0,f,c
   829   0021EA  5015               	movf	(___flmul@a+2)^0,w,c
   830   0021EC  0210               	mulwf	(___flmul@b+1)^0,c
   831   0021EE  006F FFCC  F026    	movff	prodl,___flmul@temp
   832   0021F4  006F FFD0  F027    	movff	prodh,___flmul@temp+1
   833   0021FA  5026               	movf	___flmul@temp^0,w,c
   834   0021FC  2622               	addwf	___flmul@prod^0,f,c
   835   0021FE  5027               	movf	(___flmul@temp+1)^0,w,c
   836   002200  2223               	addwfc	(___flmul@prod+1)^0,f,c
   837   002202  0E00               	movlw	0
   838   002204  2224               	addwfc	(___flmul@prod+2)^0,f,c
   839   002206  0E00               	movlw	0
   840   002208  2225               	addwfc	(___flmul@prod+3)^0,f,c
   841   00220A  5014               	movf	(___flmul@a+1)^0,w,c
   842   00220C  0211               	mulwf	(___flmul@b+2)^0,c
   843   00220E  006F FFCC  F026    	movff	prodl,___flmul@temp
   844   002214  006F FFD0  F027    	movff	prodh,___flmul@temp+1
   845   00221A  5026               	movf	___flmul@temp^0,w,c
   846   00221C  2622               	addwf	___flmul@prod^0,f,c
   847   00221E  5027               	movf	(___flmul@temp+1)^0,w,c
   848   002220  2223               	addwfc	(___flmul@prod+1)^0,f,c
   849   002222  0E00               	movlw	0
   850   002224  2224               	addwfc	(___flmul@prod+2)^0,f,c
   851   002226  0E00               	movlw	0
   852   002228  2225               	addwfc	(___flmul@prod+3)^0,f,c
   853   00222A  5015               	movf	(___flmul@a+2)^0,w,c
   854   00222C  0211               	mulwf	(___flmul@b+2)^0,c
   855   00222E  006F FFCC  F026    	movff	prodl,___flmul@temp
   856   002234  006F FFD0  F027    	movff	prodh,___flmul@temp+1
   857   00223A  5026               	movf	___flmul@temp^0,w,c
   858   00223C  6E17               	movwf	??___flmul^0,c
   859   00223E  5027               	movf	(___flmul@temp+1)^0,w,c
   860   002240  6E18               	movwf	(??___flmul+1)^0,c
   861   002242  6A19               	clrf	(??___flmul+2)^0,c
   862   002244  6A1A               	clrf	(??___flmul+3)^0,c
   863   002246  C019  F01A         	movff	??___flmul+2,??___flmul+3
   864   00224A  C018  F019         	movff	??___flmul+1,??___flmul+2
   865   00224E  C017  F018         	movff	??___flmul,??___flmul+1
   866   002252  6A17               	clrf	??___flmul^0,c
   867   002254  5017               	movf	??___flmul^0,w,c
   868   002256  2622               	addwf	___flmul@prod^0,f,c
   869   002258  5018               	movf	(??___flmul+1)^0,w,c
   870   00225A  2223               	addwfc	(___flmul@prod+1)^0,f,c
   871   00225C  5019               	movf	(??___flmul+2)^0,w,c
   872   00225E  2224               	addwfc	(___flmul@prod+2)^0,f,c
   873   002260  501A               	movf	(??___flmul+3)^0,w,c
   874   002262  2225               	addwfc	(___flmul@prod+3)^0,f,c
   875   002264  C01C  F017         	movff	___flmul@grs,??___flmul
   876   002268  C01D  F018         	movff	___flmul@grs+1,??___flmul+1
   877   00226C  C01E  F019         	movff	___flmul@grs+2,??___flmul+2
   878   002270  C01F  F01A         	movff	___flmul@grs+3,??___flmul+3
   879   002274  0E19               	movlw	25
   880   002276  EF42  F011         	goto	u390
   881   00227A                     u395:
   882   00227A  90D8               	bcf	status,0,c
   883   00227C  321A               	rrcf	(??___flmul+3)^0,f,c
   884   00227E  3219               	rrcf	(??___flmul+2)^0,f,c
   885   002280  3218               	rrcf	(??___flmul+1)^0,f,c
   886   002282  3217               	rrcf	??___flmul^0,f,c
   887   002284                     u390:
   888   002284  2EE8               	decfsz	wreg,f,c
   889   002286  EF3D  F011         	goto	u395
   890   00228A  5017               	movf	??___flmul^0,w,c
   891   00228C  2622               	addwf	___flmul@prod^0,f,c
   892   00228E  5018               	movf	(??___flmul+1)^0,w,c
   893   002290  2223               	addwfc	(___flmul@prod+1)^0,f,c
   894   002292  5019               	movf	(??___flmul+2)^0,w,c
   895   002294  2224               	addwfc	(___flmul@prod+2)^0,f,c
   896   002296  501A               	movf	(??___flmul+3)^0,w,c
   897   002298  2225               	addwfc	(___flmul@prod+3)^0,f,c
   898   00229A  C01E  F01F         	movff	___flmul@grs+2,___flmul@grs+3
   899   00229E  C01D  F01E         	movff	___flmul@grs+1,___flmul@grs+2
   900   0022A2  C01C  F01D         	movff	___flmul@grs,___flmul@grs+1
   901   0022A6  6A1C               	clrf	___flmul@grs^0,c
   902   0022A8  5020               	movf	___flmul@aexp^0,w,c
   903   0022AA  C021  F017         	movff	___flmul@bexp,??___flmul
   904   0022AE  6A18               	clrf	(??___flmul+1)^0,c
   905   0022B0  2617               	addwf	??___flmul^0,f,c
   906   0022B2  0E00               	movlw	0
   907   0022B4  2218               	addwfc	(??___flmul+1)^0,f,c
   908   0022B6  0E82               	movlw	130
   909   0022B8  2417               	addwf	??___flmul^0,w,c
   910   0022BA  6E26               	movwf	___flmul@temp^0,c
   911   0022BC  0EFF               	movlw	255
   912   0022BE  2018               	addwfc	(??___flmul+1)^0,w,c
   913   0022C0  6E27               	movwf	(___flmul@temp+1)^0,c
   914   0022C2  EF78  F011         	goto	l1024
   915   0022C6                     l1018:
   916   0022C6  90D8               	bcf	status,0,c
   917   0022C8  3622               	rlcf	___flmul@prod^0,f,c
   918   0022CA  3623               	rlcf	(___flmul@prod+1)^0,f,c
   919   0022CC  3624               	rlcf	(___flmul@prod+2)^0,f,c
   920   0022CE  3625               	rlcf	(___flmul@prod+3)^0,f,c
   921   0022D0  AE1F               	btfss	(___flmul@grs+3)^0,7,c
   922   0022D2  EF6D  F011         	goto	u401
   923   0022D6  EF6F  F011         	goto	u400
   924   0022DA                     u401:
   925   0022DA  EF70  F011         	goto	l684
   926   0022DE                     u400:
   927   0022DE  8022               	bsf	___flmul@prod^0,0,c
   928   0022E0                     l684:
   929   0022E0  90D8               	bcf	status,0,c
   930   0022E2  361C               	rlcf	___flmul@grs^0,f,c
   931   0022E4  361D               	rlcf	(___flmul@grs+1)^0,f,c
   932   0022E6  361E               	rlcf	(___flmul@grs+2)^0,f,c
   933   0022E8  361F               	rlcf	(___flmul@grs+3)^0,f,c
   934   0022EA  0626               	decf	___flmul@temp^0,f,c
   935   0022EC  A0D8               	btfss	status,0,c
   936   0022EE  0627               	decf	(___flmul@temp+1)^0,f,c
   937   0022F0                     l1024:
   938   0022F0  AE24               	btfss	(___flmul@prod+2)^0,7,c
   939   0022F2  EF7D  F011         	goto	u411
   940   0022F6  EF7F  F011         	goto	u410
   941   0022FA                     u411:
   942   0022FA  EF63  F011         	goto	l1018
   943   0022FE                     u410:
   944   0022FE  0E00               	movlw	0
   945   002300  6E20               	movwf	___flmul@aexp^0,c
   946   002302  AE1F               	btfss	(___flmul@grs+3)^0,7,c
   947   002304  EF86  F011         	goto	u421
   948   002308  EF88  F011         	goto	u420
   949   00230C                     u421:
   950   00230C  EFAC  F011         	goto	l686
   951   002310                     u420:
   952   002310  0EFF               	movlw	255
   953   002312  141C               	andwf	___flmul@grs^0,w,c
   954   002314  6E17               	movwf	??___flmul^0,c
   955   002316  0EFF               	movlw	255
   956   002318  141D               	andwf	(___flmul@grs+1)^0,w,c
   957   00231A  6E18               	movwf	(??___flmul+1)^0,c
   958   00231C  0EFF               	movlw	255
   959   00231E  141E               	andwf	(___flmul@grs+2)^0,w,c
   960   002320  6E19               	movwf	(??___flmul+2)^0,c
   961   002322  0E7F               	movlw	127
   962   002324  141F               	andwf	(___flmul@grs+3)^0,w,c
   963   002326  6E1A               	movwf	(??___flmul+3)^0,c
   964   002328  5017               	movf	??___flmul^0,w,c
   965   00232A  1018               	iorwf	(??___flmul+1)^0,w,c
   966   00232C  1019               	iorwf	(??___flmul+2)^0,w,c
   967   00232E  101A               	iorwf	(??___flmul+3)^0,w,c
   968   002330  B4D8               	btfsc	status,2,c
   969   002332  EF9D  F011         	goto	u431
   970   002336  EF9F  F011         	goto	u430
   971   00233A                     u431:
   972   00233A  EFA3  F011         	goto	l687
   973   00233E                     u430:
   974   00233E                     l1032:
   975   00233E  0E01               	movlw	1
   976   002340  6E20               	movwf	___flmul@aexp^0,c
   977   002342  EFAC  F011         	goto	l686
   978   002346                     l687:
   979   002346  A022               	btfss	___flmul@prod^0,0,c
   980   002348  EFA8  F011         	goto	u441
   981   00234C  EFAA  F011         	goto	u440
   982   002350                     u441:
   983   002350  EFAC  F011         	goto	l686
   984   002354                     u440:
   985   002354  EF9F  F011         	goto	l1032
   986   002358                     l686:
   987   002358  5020               	movf	___flmul@aexp^0,w,c
   988   00235A  B4D8               	btfsc	status,2,c
   989   00235C  EFB2  F011         	goto	u451
   990   002360  EFB4  F011         	goto	u450
   991   002364                     u451:
   992   002364  EFD8  F011         	goto	l1044
   993   002368                     u450:
   994   002368  0E01               	movlw	1
   995   00236A  2622               	addwf	___flmul@prod^0,f,c
   996   00236C  0E00               	movlw	0
   997   00236E  2223               	addwfc	(___flmul@prod+1)^0,f,c
   998   002370  2224               	addwfc	(___flmul@prod+2)^0,f,c
   999   002372  2225               	addwfc	(___flmul@prod+3)^0,f,c
  1000   002374  A025               	btfss	(___flmul@prod+3)^0,0,c
  1001   002376  EFBF  F011         	goto	u461
  1002   00237A  EFC1  F011         	goto	u460
  1003   00237E                     u461:
  1004   00237E  EFD8  F011         	goto	l1044
  1005   002382                     u460:
  1006   002382  C022  F017         	movff	___flmul@prod,??___flmul
  1007   002386  C023  F018         	movff	___flmul@prod+1,??___flmul+1
  1008   00238A  C024  F019         	movff	___flmul@prod+2,??___flmul+2
  1009   00238E  C025  F01A         	movff	___flmul@prod+3,??___flmul+3
  1010   002392  341A               	rlcf	(??___flmul+3)^0,w,c
  1011   002394  321A               	rrcf	(??___flmul+3)^0,f,c
  1012   002396  3219               	rrcf	(??___flmul+2)^0,f,c
  1013   002398  3218               	rrcf	(??___flmul+1)^0,f,c
  1014   00239A  3217               	rrcf	??___flmul^0,f,c
  1015   00239C  C017  F022         	movff	??___flmul,___flmul@prod
  1016   0023A0  C018  F023         	movff	??___flmul+1,___flmul@prod+1
  1017   0023A4  C019  F024         	movff	??___flmul+2,___flmul@prod+2
  1018   0023A8  C01A  F025         	movff	??___flmul+3,___flmul@prod+3
  1019   0023AC  4A26               	infsnz	___flmul@temp^0,f,c
  1020   0023AE  2A27               	incf	(___flmul@temp+1)^0,f,c
  1021   0023B0                     l1044:
  1022   0023B0  BE27               	btfsc	(___flmul@temp+1)^0,7,c
  1023   0023B2  EFE3  F011         	goto	u471
  1024   0023B6  5027               	movf	(___flmul@temp+1)^0,w,c
  1025   0023B8  E108               	bnz	u470
  1026   0023BA  2826               	incf	___flmul@temp^0,w,c
  1027   0023BC  A0D8               	btfss	status,0,c
  1028   0023BE  EFE3  F011         	goto	u471
  1029   0023C2  EFE5  F011         	goto	u470
  1030   0023C6                     u471:
  1031   0023C6  EFEF  F011         	goto	l1048
  1032   0023CA                     u470:
  1033   0023CA  0E00               	movlw	0
  1034   0023CC  6E22               	movwf	___flmul@prod^0,c
  1035   0023CE  0E00               	movlw	0
  1036   0023D0  6E23               	movwf	(___flmul@prod+1)^0,c
  1037   0023D2  0E80               	movlw	128
  1038   0023D4  6E24               	movwf	(___flmul@prod+2)^0,c
  1039   0023D6  0E7F               	movlw	127
  1040   0023D8  6E25               	movwf	(___flmul@prod+3)^0,c
  1041   0023DA  EF1D  F012         	goto	l1060
  1042   0023DE                     l1048:
  1043   0023DE  BE27               	btfsc	(___flmul@temp+1)^0,7,c
  1044   0023E0  EFFC  F011         	goto	u480
  1045   0023E4  5027               	movf	(___flmul@temp+1)^0,w,c
  1046   0023E6  E106               	bnz	u481
  1047   0023E8  0426               	decf	___flmul@temp^0,w,c
  1048   0023EA  B0D8               	btfsc	status,0,c
  1049   0023EC  EFFA  F011         	goto	u481
  1050   0023F0  EFFC  F011         	goto	u480
  1051   0023F4                     u481:
  1052   0023F4  EF08  F012         	goto	l694
  1053   0023F8                     u480:
  1054   0023F8  0E00               	movlw	0
  1055   0023FA  6E22               	movwf	___flmul@prod^0,c
  1056   0023FC  0E00               	movlw	0
  1057   0023FE  6E23               	movwf	(___flmul@prod+1)^0,c
  1058   002400  0E00               	movlw	0
  1059   002402  6E24               	movwf	(___flmul@prod+2)^0,c
  1060   002404  0E00               	movlw	0
  1061   002406  6E25               	movwf	(___flmul@prod+3)^0,c
  1062   002408  0E00               	movlw	0
  1063   00240A  6E1B               	movwf	___flmul@sign^0,c
  1064   00240C  EF1D  F012         	goto	l1060
  1065   002410                     l694:
  1066   002410  C026  F021         	movff	___flmul@temp,___flmul@bexp
  1067   002414  0EFF               	movlw	255
  1068   002416  1622               	andwf	___flmul@prod^0,f,c
  1069   002418  0EFF               	movlw	255
  1070   00241A  1623               	andwf	(___flmul@prod+1)^0,f,c
  1071   00241C  0E7F               	movlw	127
  1072   00241E  1624               	andwf	(___flmul@prod+2)^0,f,c
  1073   002420  0E00               	movlw	0
  1074   002422  1625               	andwf	(___flmul@prod+3)^0,f,c
  1075   002424  A021               	btfss	___flmul@bexp^0,0,c
  1076   002426  EF17  F012         	goto	u491
  1077   00242A  EF19  F012         	goto	u490
  1078   00242E                     u491:
  1079   00242E  EF1A  F012         	goto	l1058
  1080   002432                     u490:
  1081   002432  8E24               	bsf	(___flmul@prod+2)^0,7,c
  1082   002434                     l1058:
  1083   002434  90D8               	bcf	status,0,c
  1084   002436  3021               	rrcf	___flmul@bexp^0,w,c
  1085   002438  6E25               	movwf	(___flmul@prod+3)^0,c
  1086   00243A                     l1060:
  1087   00243A  501B               	movf	___flmul@sign^0,w,c
  1088   00243C  1225               	iorwf	(___flmul@prod+3)^0,f,c
  1089   00243E  C022  F00F         	movff	___flmul@prod,?___flmul
  1090   002442  C023  F010         	movff	___flmul@prod+1,?___flmul+1
  1091   002446  C024  F011         	movff	___flmul@prod+2,?___flmul+2
  1092   00244A  C025  F012         	movff	___flmul@prod+3,?___flmul+3
  1093   00244E                     l681:
  1094   00244E  0012               	return		;funcret
  1095   002450                     __end_of___flmul:
  1096                           	callstack 0
  1097                           
  1098 ;; *************** function _ADC_Init *****************
  1099 ;; Defined at:
  1100 ;;		line 118 in file "main.c"
  1101 ;; Parameters:    Size  Location     Type
  1102 ;;		None
  1103 ;; Auto vars:     Size  Location     Type
  1104 ;;		None
  1105 ;; Return value:  Size  Location     Type
  1106 ;;                  1    wreg      void 
  1107 ;; Registers used:
  1108 ;;		wreg, status,2
  1109 ;; Tracked objects:
  1110 ;;		On entry : 0/0
  1111 ;;		On exit  : 0/0
  1112 ;;		Unchanged: 0/0
  1113 ;; Data sizes:     COMRAM   BANK0   BANK1   BANK2   BANK3   BANK4   BANK5   BANK6   BANK7   BANK8   BANK9  BANK10  BANK1
      +1  BANK12  BANK13  BANK14  BANK15  BANK16  BANK17  BANK18  BANK19  BANK20  BANK21  BANK22  BANK23  BANK24  BANK25  BANK2
      +6  BANK27  BANK28  BANK29  BANK30  BANK31
  1114 ;;      Params:         0       0       0       0       0       0       0       0       0       0       0       0       
      +0       0       0       0       0       0       0       0       0       0       0       0       0       0       0       
      +0       0       0       0       0       0
  1115 ;;      Locals:         0       0       0       0       0       0       0       0       0       0       0       0       
      +0       0       0       0       0       0       0       0       0       0       0       0       0       0       0       
      +0       0       0       0       0       0
  1116 ;;      Temps:          0       0       0       0       0       0       0       0       0       0       0       0       
      +0       0       0       0       0       0       0       0       0       0       0       0       0       0       0       
      +0       0       0       0       0       0
  1117 ;;      Totals:         0       0       0       0       0       0       0       0       0       0       0       0       
      +0       0       0       0       0       0       0       0       0       0       0       0       0       0       0       
      +0       0       0       0       0       0
  1118 ;;Total ram usage:        0 bytes
  1119 ;; Hardware stack levels used: 1
  1120 ;; This function calls:
  1121 ;;		Nothing
  1122 ;; This function is called by:
  1123 ;;		_main
  1124 ;; This function uses a non-reentrant model
  1125 ;;
  1126                           
  1127                           	psect	text3
  1128   0026B8                     __ptext3:
  1129                           	callstack 0
  1130   0026B8                     _ADC_Init:
  1131                           	callstack 30
  1132   0026B8                     
  1133                           ;main.c: 122:     ADCON0bits.FM = 1;
  1134   0026B8  013E               	movlb	62	; () banked
  1135   0026BA  51F8               	movf	248,w,b	;volatile
  1136   0026BC  0BF3               	andlw	-13
  1137   0026BE  0904               	iorlw	4
  1138   0026C0  6FF8               	movwf	248,b	;volatile
  1139   0026C2                     
  1140                           ; BSR set to: 62
  1141                           ;main.c: 124:     ADCON0bits.CS = 0;
  1142   0026C2  99F8               	bcf	248,4,b	;volatile
  1143   0026C4                     
  1144                           ; BSR set to: 62
  1145                           ;main.c: 126:     TRISAbits.TRISA0 = 1;
  1146   0026C4  80C2               	bsf	194,0,c	;volatile
  1147   0026C6                     
  1148                           ; BSR set to: 62
  1149                           ;main.c: 128:     ANSELAbits.ANSELA0 = 1;
  1150   0026C6  013A               	movlb	58	; () banked
  1151   0026C8  8140               	bsf	64,0,b	;volatile
  1152                           
  1153                           ;main.c: 130:     ADPCH = 0;
  1154   0026CA  0E00               	movlw	0
  1155   0026CC  013E               	movlb	62	; () banked
  1156   0026CE  6FF1               	movwf	241,b	;volatile
  1157                           
  1158                           ;main.c: 132:     ADCLK = 0;
  1159   0026D0  0E00               	movlw	0
  1160   0026D2  6FFF               	movwf	255,b	;volatile
  1161                           
  1162                           ;main.c: 134:     ADRESL = 0;
  1163   0026D4  0E00               	movlw	0
  1164   0026D6  6FEF               	movwf	239,b	;volatile
  1165                           
  1166                           ;main.c: 135:     ADRESH = 0;
  1167   0026D8  0E00               	movlw	0
  1168   0026DA  6FF0               	movwf	240,b	;volatile
  1169                           
  1170                           ;main.c: 137:     ADPREL = 0;
  1171   0026DC  0E00               	movlw	0
  1172   0026DE  6FF6               	movwf	246,b	;volatile
  1173                           
  1174                           ;main.c: 138:     ADPREH = 0;
  1175   0026E0  0E00               	movlw	0
  1176   0026E2  6FF7               	movwf	247,b	;volatile
  1177                           
  1178                           ;main.c: 140:     ADACQL = 0;
  1179   0026E4  0E00               	movlw	0
  1180   0026E6  6FF3               	movwf	243,b	;volatile
  1181                           
  1182                           ;main.c: 141:     ADACQH = 0;
  1183   0026E8  0E00               	movlw	0
  1184   0026EA  6FF4               	movwf	244,b	;volatile
  1185   0026EC                     
  1186                           ; BSR set to: 62
  1187                           ;main.c: 143:     ADCON0bits.ON = 1;
  1188   0026EC  8FF8               	bsf	248,7,b	;volatile
  1189   0026EE                     
  1190                           ; BSR set to: 62
  1191   0026EE  0012               	return		;funcret
  1192   0026F0                     __end_of_ADC_Init:
  1193                           	callstack 0
  1194                           
  1195                           	psect	smallconst
  1196   002000                     __psmallconst:
  1197                           	callstack 0
  1198   002000  00                 	db	0
  1199   002001  00                 	db	0	; dummy byte at the end
  1200   000000                     
  1201                           	psect	rparam
  1202   000000                     
  1203                           	psect	config
  1204                           
  1205                           ;Config register CONFIG1L @ 0x300000
  1206                           ;	External Oscillator Selection
  1207                           ;	FEXTOSC = LP, LP (crystal oscillator) optimized for 32.768 kHz; PFM set to low power
  1208                           ;	Reset Oscillator Selection
  1209                           ;	RSTOSC = EXTOSC, EXTOSC operating per FEXTOSC bits (device manufacturing default)
  1210   300000                     	org	3145728
  1211   300000  F8                 	db	248
  1212                           
  1213                           ;Config register CONFIG1H @ 0x300001
  1214                           ;	Clock out Enable bit
  1215                           ;	CLKOUTEN = OFF, CLKOUT function is disabled
  1216                           ;	PRLOCKED One-Way Set Enable bit
  1217                           ;	PR1WAY = ON, PRLOCK bit can be cleared and set only once
  1218                           ;	Clock Switch Enable bit
  1219                           ;	CSWEN = ON, Writing to NOSC and NDIV is allowed
  1220                           ;	Fail-Safe Clock Monitor Enable bit
  1221                           ;	FCMEN = ON, Fail-Safe Clock Monitor enabled
  1222   300001                     	org	3145729
  1223   300001  FF                 	db	255
  1224                           
  1225                           ;Config register CONFIG2L @ 0x300002
  1226                           ;	MCLR Enable bit
  1227                           ;	MCLRE = EXTMCLR, If LVP = 0, MCLR pin is MCLR; If LVP = 1, RE3 pin function is MCLR
  1228                           ;	Power-up timer selection bits
  1229                           ;	PWRTS = PWRT_OFF, PWRT is disabled
  1230                           ;	Multi-vector enable bit
  1231                           ;	MVECEN = ON, Multi-vector enabled, Vector table used for interrupts
  1232                           ;	IVTLOCK bit One-way set enable bit
  1233                           ;	IVT1WAY = ON, IVTLOCK bit can be cleared and set only once
  1234                           ;	Low Power BOR Enable bit
  1235                           ;	LPBOREN = OFF, ULPBOR disabled
  1236                           ;	Brown-out Reset Enable bits
  1237                           ;	BOREN = SBORDIS, Brown-out Reset enabled , SBOREN bit is ignored
  1238   300002                     	org	3145730
  1239   300002  FF                 	db	255
  1240                           
  1241                           ;Config register CONFIG2H @ 0x300003
  1242                           ;	Brown-out Reset Voltage Selection bits
  1243                           ;	BORV = VBOR_2P45, Brown-out Reset Voltage (VBOR) set to 2.45V
  1244                           ;	ZCD Disable bit
  1245                           ;	ZCD = OFF, ZCD disabled. ZCD can be enabled by setting the ZCDSEN bit of ZCDCON
  1246                           ;	PPSLOCK bit One-Way Set Enable bit
  1247                           ;	PPS1WAY = ON, PPSLOCK bit can be cleared and set only once; PPS registers remain locke
      +                          d after one clear/set cycle
  1248                           ;	Stack Full/Underflow Reset Enable bit
  1249                           ;	STVREN = ON, Stack full/underflow will cause Reset
  1250                           ;	Debugger Enable bit
  1251                           ;	DEBUG = OFF, Background debugger disabled
  1252                           ;	Extended Instruction Set Enable bit
  1253                           ;	XINST = OFF, Extended Instruction Set and Indexed Addressing Mode disabled
  1254   300003                     	org	3145731
  1255   300003  FF                 	db	255
  1256                           
  1257                           ;Config register CONFIG3L @ 0x300004
  1258                           ;	WDT Period selection bits
  1259                           ;	WDTCPS = WDTCPS_31, Divider ratio 1:65536; software control of WDTPS
  1260                           ;	WDT operating mode
  1261                           ;	WDTE = OFF, WDT Disabled; SWDTEN is ignored
  1262   300004                     	org	3145732
  1263   300004  9F                 	db	159
  1264                           
  1265                           ;Config register CONFIG3H @ 0x300005
  1266                           ;	WDT Window Select bits
  1267                           ;	WDTCWS = WDTCWS_7, window always open (100%); software control; keyed access not requi
      +                          red
  1268                           ;	WDT input clock selector
  1269                           ;	WDTCCS = SC, Software Control
  1270   300005                     	org	3145733
  1271   300005  FF                 	db	255
  1272                           
  1273                           ;Config register CONFIG4L @ 0x300006
  1274                           ;	Boot Block Size selection bits
  1275                           ;	BBSIZE = BBSIZE_512, Boot Block size is 512 words
  1276                           ;	Boot Block enable bit
  1277                           ;	BBEN = OFF, Boot block disabled
  1278                           ;	Storage Area Flash enable bit
  1279                           ;	SAFEN = OFF, SAF disabled
  1280                           ;	Application Block write protection bit
  1281                           ;	WRTAPP = OFF, Application Block not write protected
  1282   300006                     	org	3145734
  1283   300006  FF                 	db	255
  1284                           
  1285                           ;Config register CONFIG4H @ 0x300007
  1286                           ;	Boot Block Write Protection bit
  1287                           ;	WRTB = OFF, Boot Block not write-protected
  1288                           ;	Configuration Register Write Protection bit
  1289                           ;	WRTC = OFF, Configuration registers not write-protected
  1290                           ;	Data EEPROM Write Protection bit
  1291                           ;	WRTD = OFF, Data EEPROM not write-protected
  1292                           ;	SAF Write protection bit
  1293                           ;	WRTSAF = OFF, SAF not Write Protected
  1294                           ;	Low Voltage Programming Enable bit
  1295                           ;	LVP = ON, Low voltage programming enabled. MCLR/VPP pin function is MCLR. MCLRE config
      +                          uration bit is ignored
  1296   300007                     	org	3145735
  1297   300007  FF                 	db	255
  1298                           
  1299                           ;Config register CONFIG5L @ 0x300008
  1300                           ;	PFM and Data EEPROM Code Protection bit
  1301                           ;	CP = OFF, PFM and Data EEPROM code protection disabled
  1302   300008                     	org	3145736
  1303   300008  FF                 	db	255
  1304                           
  1305                           ;Config register CONFIG5H @ 0x300009
  1306                           ;	unspecified, using default values
  1307   300009                     	org	3145737
  1308   300009  FF                 	db	255
  1309                           tosu	equ	0x3FFF
  1310                           tosh	equ	0x3FFE
  1311                           tosl	equ	0x3FFD
  1312                           stkptr	equ	0x3FFC
  1313                           pclatu	equ	0x3FFB
  1314                           pclath	equ	0x3FFA
  1315                           pcl	equ	0x3FF9
  1316                           tblptru	equ	0x3FF8
  1317                           tblptrh	equ	0x3FF7
  1318                           tblptrl	equ	0x3FF6
  1319                           tablat	equ	0x3FF5
  1320                           prodh	equ	0x3FF4
  1321                           prodl	equ	0x3FF3
  1322                           indf0	equ	0x3FEF
  1323                           postinc0	equ	0x3FEE
  1324                           postdec0	equ	0x3FED
  1325                           preinc0	equ	0x3FEC
  1326                           plusw0	equ	0x3FEB
  1327                           fsr0h	equ	0x3FEA
  1328                           fsr0l	equ	0x3FE9
  1329                           wreg	equ	0x3FE8
  1330                           indf1	equ	0x3FE7
  1331                           postinc1	equ	0x3FE6
  1332                           postdec1	equ	0x3FE5
  1333                           preinc1	equ	0x3FE4
  1334                           plusw1	equ	0x3FE3
  1335                           fsr1h	equ	0x3FE2
  1336                           fsr1l	equ	0x3FE1
  1337                           bsr	equ	0x3FE0
  1338                           indf2	equ	0x3FDF
  1339                           postinc2	equ	0x3FDE
  1340                           postdec2	equ	0x3FDD
  1341                           preinc2	equ	0x3FDC
  1342                           plusw2	equ	0x3FDB
  1343                           fsr2h	equ	0x3FDA
  1344                           fsr2l	equ	0x3FD9
  1345                           status	equ	0x3FD8

Data Sizes:
    Strings     0
    Constant    0
    Data        0
    BSS         16
    Persistent  0
    Stack       0

Auto Spaces:
    Space          Size  Autos    Used
    COMRAM           95     41      57
    BANK0           160      0       0
    BANK1           256      0       0
    BANK2           256      0       0
    BANK3           256      0       0
    BANK4           256      0       0
    BANK5           256      0       0
    BANK6           256      0       0
    BANK7           256      0       0
    BANK8           256      0       0
    BANK9           256      0       0
    BANK10          256      0       0
    BANK11          256      0       0
    BANK12          256      0       0
    BANK13          256      0       0
    BANK14          256      0       0
    BANK15          256      0       0
    BANK16          256      0       0
    BANK17          256      0       0
    BANK18          256      0       0
    BANK19          256      0       0
    BANK20          256      0       0
    BANK21          256      0       0
    BANK22          256      0       0
    BANK23          256      0       0
    BANK24          256      0       0
    BANK25          256      0       0
    BANK26          256      0       0
    BANK27          256      0       0
    BANK28          256      0       0
    BANK29          256      0       0
    BANK30          256      0       0
    BANK31          256      0       0

Pointer List with Targets:

    None.

Critical Paths under _main in COMRAM

    _main->___flmul
    ___flmul->___xxtofl

Critical Paths under _main in BANK0

    None.

Critical Paths under _main in BANK1

    None.

Critical Paths under _main in BANK2

    None.

Critical Paths under _main in BANK3

    None.

Critical Paths under _main in BANK4

    None.

Critical Paths under _main in BANK5

    None.

Critical Paths under _main in BANK6

    None.

Critical Paths under _main in BANK7

    None.

Critical Paths under _main in BANK8

    None.

Critical Paths under _main in BANK9

    None.

Critical Paths under _main in BANK10

    None.

Critical Paths under _main in BANK11

    None.

Critical Paths under _main in BANK12

    None.

Critical Paths under _main in BANK13

    None.

Critical Paths under _main in BANK14

    None.

Critical Paths under _main in BANK15

    None.

Critical Paths under _main in BANK16

    None.

Critical Paths under _main in BANK17

    None.

Critical Paths under _main in BANK18

    None.

Critical Paths under _main in BANK19

    None.

Critical Paths under _main in BANK20

    None.

Critical Paths under _main in BANK21

    None.

Critical Paths under _main in BANK22

    None.

Critical Paths under _main in BANK23

    None.

Critical Paths under _main in BANK24

    None.

Critical Paths under _main in BANK25

    None.

Critical Paths under _main in BANK26

    None.

Critical Paths under _main in BANK27

    None.

Critical Paths under _main in BANK28

    None.

Critical Paths under _main in BANK29

    None.

Critical Paths under _main in BANK30

    None.

Critical Paths under _main in BANK31

    None.

Call Graph Tables:

 ---------------------------------------------------------------------------------
 (Depth) Function   	        Calls       Base Space   Used Autos Params    Refs
 ---------------------------------------------------------------------------------
 (0) _main                                                 2     2      0    2142
                                             39 COMRAM     2     2      0
                           _ADC_Init
                            ___flmul
                           ___xxtofl
 ---------------------------------------------------------------------------------
 (1) ___xxtofl                                            14    10      4     398
                                              0 COMRAM    14    10      4
 ---------------------------------------------------------------------------------
 (1) ___flmul                                             25    17      8    1744
                                             14 COMRAM    25    17      8
                           ___xxtofl (ARG)
 ---------------------------------------------------------------------------------
 (1) _ADC_Init                                             0     0      0       0
 ---------------------------------------------------------------------------------
 Estimated maximum stack depth 1
 ---------------------------------------------------------------------------------

 Call Graph Graphs:

 _main (ROOT)
   _ADC_Init
   ___flmul
     ___xxtofl (ARG)
   ___xxtofl

 Address spaces:
Name               Size   Autos  Total    Cost      Usage
BIGRAM            1FFF      0       0      82        0.0%
BITBIGSFRlhllll    47E      0       0      79        0.0%
EEDATA             400      0       0       0        0.0%
BITBIGSFRlll       240      0       0      81        0.0%
BITBANK31          100      0       0      67        0.0%
BANK31             100      0       0      68        0.0%
BITBANK30          100      0       0      65        0.0%
BANK30             100      0       0      66        0.0%
BITBANK29          100      0       0      63        0.0%
BANK29             100      0       0      64        0.0%
BITBANK28          100      0       0      61        0.0%
BANK28             100      0       0      62        0.0%
BITBANK27          100      0       0      59        0.0%
BANK27             100      0       0      60        0.0%
BITBANK26          100      0       0      57        0.0%
BANK26             100      0       0      58        0.0%
BITBANK25          100      0       0      55        0.0%
BANK25             100      0       0      56        0.0%
BITBANK24          100      0       0      53        0.0%
BANK24             100      0       0      54        0.0%
BITBANK23          100      0       0      51        0.0%
BANK23             100      0       0      52        0.0%
BITBANK22          100      0       0      49        0.0%
BANK22             100      0       0      50        0.0%
BITBANK21          100      0       0      47        0.0%
BANK21             100      0       0      48        0.0%
BITBANK20          100      0       0      45        0.0%
BANK20             100      0       0      46        0.0%
BITBANK19          100      0       0      43        0.0%
BANK19             100      0       0      44        0.0%
BITBANK18          100      0       0      41        0.0%
BANK18             100      0       0      42        0.0%
BITBANK17          100      0       0      39        0.0%
BANK17             100      0       0      40        0.0%
BITBANK16          100      0       0      37        0.0%
BANK16             100      0       0      38        0.0%
BITBANK15          100      0       0      35        0.0%
BANK15             100      0       0      36        0.0%
BITBANK14          100      0       0      33        0.0%
BANK14             100      0       0      34        0.0%
BITBANK13          100      0       0      31        0.0%
BANK13             100      0       0      32        0.0%
BITBANK12          100      0       0      29        0.0%
BANK12             100      0       0      30        0.0%
BITBANK11          100      0       0      27        0.0%
BANK11             100      0       0      28        0.0%
BITBANK10          100      0       0      25        0.0%
BANK10             100      0       0      26        0.0%
BITBANK9           100      0       0      23        0.0%
BANK9              100      0       0      24        0.0%
BITBANK8           100      0       0      21        0.0%
BANK8              100      0       0      22        0.0%
BITBANK7           100      0       0      19        0.0%
BANK7              100      0       0      20        0.0%
BITBANK6           100      0       0      17        0.0%
BANK6              100      0       0      18        0.0%
BITBANK5           100      0       0      15        0.0%
BANK5              100      0       0      16        0.0%
BITBANK4           100      0       0      12        0.0%
BANK4              100      0       0      13        0.0%
BITBANK3           100      0       0      10        0.0%
BANK3              100      0       0      11        0.0%
BITBANK2           100      0       0       8        0.0%
BANK2              100      0       0       9        0.0%
BITBANK1           100      0       0       6        0.0%
BANK1              100      0       0       7        0.0%
BITBIGSFRlhllhh     BA      0       0      75        0.0%
BITBANK0            A0      0       0       4        0.0%
BANK0               A0      0       0       5        0.0%
BITCOMRAM           5F      0       0       0        0.0%
COMRAM              5F     29      39       1       60.0%
BITBIGSFRhh         32      0       0      69        0.0%
BITBIGSFRllh        2F      0       0      80        0.0%
BITBIGSFRlhllhl      6      0       0      76        0.0%
BITBIGSFRlhhl        4      0       0      73        0.0%
BITBIGSFRhll         4      0       0      71        0.0%
BITBIGSFRhlh         2      0       0      70        0.0%
BITBIGSFRlhlh        2      0       0      74        0.0%
BITBIGSFRlhhh        2      0       0      72        0.0%
BITBIGSFRlhlllh      1      0       0      77        0.0%
BITBIGSFRlhlllh      1      0       0      78        0.0%
BIGSFR               0      0       0     200        0.0%
BITSFR_8             0      0       0     200        0.0%
SFR_8                0      0       0     200        0.0%
BITSFR_7             0      0       0     200        0.0%
SFR_7                0      0       0     200        0.0%
BITSFR_6             0      0       0     200        0.0%
SFR_6                0      0       0     200        0.0%
BITSFR_5             0      0       0     200        0.0%
SFR_5                0      0       0     200        0.0%
BITSFR_4             0      0       0     200        0.0%
SFR_4                0      0       0     200        0.0%
BITSFR_3             0      0       0     200        0.0%
SFR_3                0      0       0     200        0.0%
BITSFR_2             0      0       0     200        0.0%
SFR_2                0      0       0     200        0.0%
BITSFR_1             0      0       0     200        0.0%
SFR_1                0      0       0     200        0.0%
BITSFR               0      0       0     200        0.0%
SFR                  0      0       0     200        0.0%
STACK                0      0       0       2        0.0%
NULL                 0      0       0       0        0.0%
ABS                  0      0      39      14        0.0%
DATA                 0      0      39       3        0.0%
CODE                 0      0       0       0        0.0%


Microchip Technology PIC18 Macro Assembler V2.46 build 20240104201356 
Symbol Table                                                                                   Thu Apr 18 11:43:22 2024

                     l60 26EE                       l52 262E                      l721 2602  
                    l740 26C4                      l732 259A                      l725 253E  
                    l742 26C6                      l718 24A6                      l744 26EC  
                    l736 26B8                      l681 244E                      l738 26C2  
                    l684 22E0                      l940 201C                      l677 20C6  
                    l694 2410                      l686 2358                      l950 2054  
                    l942 201E                      l687 2346                      l960 2080  
                    l952 2064                      l944 202E                      l936 2002  
                    l970 20D6                      l962 2090                      l954 206A  
                    l946 203E                      l938 200E                      l980 2114  
                    l972 20E6                      l964 20A0                      l956 2070  
                    l948 204E                      l990 216E                      l982 212E  
                    l966 20B0                      l958 207E                      l992 217C  
                    l984 213A                      l976 20FA                      l968 20B6  
                    l994 218C                      l986 2156                      l978 210A  
                    l996 219C                      l988 2162                      l998 21AC  
                    u310 201C                      u311 2018                      u400 22DE  
                    u320 202E                      u401 22DA                      u321 202A  
                    u410 22FE                      u330 203E                      u411 22FA  
                    u331 203A                      u420 2310                      u340 207E  
                    u500 2462                      u421 230C                      u341 207A  
                    u501 245E                      u430 233E                      u350 2090  
                    u510 2470                      u431 233A                      u351 208C  
                    u511 246C                      u440 2354                      u360 20A0  
                    u520 24CC                      u600 263C                      u441 2350  
                    u361 209C                      u521 24C8                      u601 2638  
                    u450 2368                      u370 20D6                      u530 2522  
                    u451 2364                      u371 20D2                      u531 251E  
                    u460 2382                      u380 20E6                      u540 256C  
                    u461 237E                      u381 20E2                      u541 2568  
                    u470 23CA                      u390 2284                      u550 258A  
                    u471 23C6                      u551 2586                      u480 23F8  
                    u560 259A                      u481 23F4                      u561 2596  
                    u490 2432                      u570 25A8                      u491 242E  
                    u395 227A                      u571 25A4                      u580 25E2  
                    u581 25DE                      u590 25F0                      u591 25EC  
                    wreg 3FE8             ___flmul@aexp 0020             ___flmul@bexp 0021  
           ___flmul@sign 001B             ___flmul@temp 0026             ___flmul@prod 0022  
                   l1000 21BC                     l1010 223A                     l1002 21DA  
                   l1020 22D0                     l1012 2264                     l1004 21EA  
                   l1100 25AE                     l1030 2310                     l1022 22DE  
                   l1014 229A                     l1006 220A                     l1102 25D2  
                   l1040 2382                     l1032 233E                     l1024 22F0  
                   l1016 22A8                     l1008 221A                     l1104 25E2  
                   l1120 2654                     l1112 2604                     l1050 23F8  
                   l1042 23AC                     l1026 22FE                     l1018 22C6  
                   l1106 25F0                     l1122 26A0                     l1114 2626  
                   l1052 2414                     l1060 243A                     l1036 2368  
                   l1044 23B0                     l1028 2302                     l1108 25F2  
                   l1124 26A6                     l1116 262A                     l1062 243E  
                   l1054 2424                     l1046 23CA                     l1038 2374  
                   l1070 2470                     l1118 263C                     l1056 2432  
                   l1048 23DE                     l1080 24E8                     l1072 24B6  
                   l1058 2434                     l1090 2570                     l1082 24F4  
                   l1074 24CC                     l1066 2452                     l1092 257C  
                   l1084 2526                     l1068 2462                     l1094 258A  
                   l1086 2528                     l1078 24E0                     l1096 25A8  
                   l1088 2534                     l1098 25AA                     _LATA 3FBA  
                   _LATD 3FBD                     _data 002A                     _main 2604  
       __end_of_ADC_Init 26F0                     prodh 3FF4                     prodl 3FF3  
                   start FFFC             ___param_bank 0000                    ?_main 0001  
                  _ADCLK 3EFF                    _ADPCH 3EF1          __end_of___flmul 2450  
                  _PORTA 3FCA                    _PORTD 3FCD                    _TRISA 3FC2  
                  _TRISD 3FC5                    status 3FD8          __initialization 26F0  
           __end_of_main 26B8                   ??_main 0028            __activetblptr 0000  
                 _ADACQH 3EF4                   _ADACQL 3EF3                   _ADRESH 3EF0  
                 _ADRESL 3EEF                   _ADPREH 3EF7                   _ADPREL 3EF6  
                 _ANSELA 3A40                   _ANSELD 3A70         __end_of___xxtofl 2604  
              ??___flmul 0017                   clear_0 26F6                   isa$std 0001  
              ?_ADC_Init 0001             __mediumconst 0000             ___xxtofl@arg 000B  
           ___xxtofl@exp 000A             ___xxtofl@val 0001               __accesstop 0060  
__end_of__initialization 26FC            ___rparam_used 0001           __pcstackCOMRAM 0001  
             ??_ADC_Init 0001                ?___xxtofl 0001                  __Hparam 0000  
                __Lparam 0000                  ___flmul 2002             __psmallconst 2000  
                __pcinit 26F0                  __ramtop 2000                  _digital 0038  
                __ptext0 2604                  __ptext1 2450                  __ptext2 2002  
                __ptext3 26B8               ??___xxtofl 0005                  _voltage 0034  
   end_of_initialization 26FC                  postinc0 3FEE            ___xxtofl@sign 0009  
              _TRISAbits 3FC2              ___flmul@grs 001C      start_initialization 26F0  
              ___flmul@a 0013                ___flmul@b 000F              __pbssCOMRAM 002A  
               ?___flmul 000F              __smallconst 2000                 _ADC_Init 26B8  
             _ADCON0bits 3EF8                 __Hrparam 0000                 __Lrparam 0000  
             _ANSELAbits 3A40                 ___xxtofl 2450                 isa$xinst 0000  
